{"/Users/I539149/projects/webapps/LimesUI/src/App.js": {"path":"/Users/I539149/projects/webapps/LimesUI/src/App.js","statementMap":{"0":{"start":{"line":24,"column":12},"end":{"line":120,"column":1}},"1":{"start":{"line":25,"column":22},"end":{"line":25,"column":39}},"2":{"start":{"line":26,"column":27},"end":{"line":26,"column":44}},"3":{"start":{"line":27,"column":23},"end":{"line":27,"column":40}},"4":{"start":{"line":28,"column":20},"end":{"line":28,"column":30}},"5":{"start":{"line":29,"column":23},"end":{"line":29,"column":33}},"6":{"start":{"line":30,"column":38},"end":{"line":30,"column":59}},"7":{"start":{"line":32,"column":2},"end":{"line":39,"column":9}},"8":{"start":{"line":33,"column":4},"end":{"line":38,"column":7}},"9":{"start":{"line":43,"column":4},"end":{"line":43,"column":47}},"10":{"start":{"line":44,"column":18},"end":{"line":44,"column":56}},"11":{"start":{"line":45,"column":27},"end":{"line":45,"column":43}},"12":{"start":{"line":46,"column":29},"end":{"line":46,"column":63}},"13":{"start":{"line":48,"column":4},"end":{"line":52,"column":5}},"14":{"start":{"line":49,"column":6},"end":{"line":49,"column":66}},"15":{"start":{"line":51,"column":6},"end":{"line":51,"column":24}},"16":{"start":{"line":53,"column":18},"end":{"line":55,"column":15}},"17":{"start":{"line":54,"column":6},"end":{"line":54,"column":17}},"18":{"start":{"line":56,"column":4},"end":{"line":56,"column":23}},"19":{"start":{"line":57,"column":4},"end":{"line":57,"column":30}},"20":{"start":{"line":58,"column":4},"end":{"line":58,"column":17}},"21":{"start":{"line":63,"column":2},"end":{"line":72,"column":9}},"22":{"start":{"line":65,"column":4},"end":{"line":69,"column":5}},"23":{"start":{"line":66,"column":6},"end":{"line":66,"column":26}},"24":{"start":{"line":67,"column":6},"end":{"line":67,"column":28}},"25":{"start":{"line":68,"column":6},"end":{"line":68,"column":13}},"26":{"start":{"line":70,"column":18},"end":{"line":70,"column":28}},"27":{"start":{"line":71,"column":4},"end":{"line":71,"column":37}},"28":{"start":{"line":71,"column":17},"end":{"line":71,"column":36}},"29":{"start":{"line":74,"column":2},"end":{"line":78,"column":14}},"30":{"start":{"line":75,"column":4},"end":{"line":77,"column":5}},"31":{"start":{"line":76,"column":6},"end":{"line":76,"column":27}},"32":{"start":{"line":80,"column":2},"end":{"line":97,"column":22}},"33":{"start":{"line":81,"column":4},"end":{"line":96,"column":5}},"34":{"start":{"line":82,"column":6},"end":{"line":95,"column":8}},"35":{"start":{"line":99,"column":2},"end":{"line":119,"column":4}},"36":{"start":{"line":122,"column":18},"end":{"line":135,"column":1}},"37":{"start":{"line":125,"column":22},"end":{"line":125,"column":39}},"38":{"start":{"line":126,"column":2},"end":{"line":134,"column":4}}},"fnMap":{"0":{"name":"(anonymous_0)","decl":{"start":{"line":24,"column":12},"end":{"line":24,"column":13}},"loc":{"start":{"line":24,"column":28},"end":{"line":120,"column":1}},"line":24},"1":{"name":"(anonymous_1)","decl":{"start":{"line":32,"column":18},"end":{"line":32,"column":19}},"loc":{"start":{"line":32,"column":24},"end":{"line":39,"column":3}},"line":32},"2":{"name":"getToken","decl":{"start":{"line":42,"column":17},"end":{"line":42,"column":25}},"loc":{"start":{"line":42,"column":28},"end":{"line":59,"column":3}},"line":42},"3":{"name":"(anonymous_3)","decl":{"start":{"line":53,"column":29},"end":{"line":53,"column":30}},"loc":{"start":{"line":53,"column":35},"end":{"line":55,"column":5}},"line":53},"4":{"name":"(anonymous_4)","decl":{"start":{"line":63,"column":18},"end":{"line":63,"column":19}},"loc":{"start":{"line":63,"column":24},"end":{"line":72,"column":3}},"line":63},"5":{"name":"(anonymous_5)","decl":{"start":{"line":71,"column":11},"end":{"line":71,"column":12}},"loc":{"start":{"line":71,"column":17},"end":{"line":71,"column":36}},"line":71},"6":{"name":"(anonymous_6)","decl":{"start":{"line":74,"column":18},"end":{"line":74,"column":19}},"loc":{"start":{"line":74,"column":24},"end":{"line":78,"column":3}},"line":74},"7":{"name":"(anonymous_7)","decl":{"start":{"line":80,"column":18},"end":{"line":80,"column":19}},"loc":{"start":{"line":80,"column":24},"end":{"line":97,"column":3}},"line":80},"8":{"name":"(anonymous_8)","decl":{"start":{"line":122,"column":18},"end":{"line":122,"column":19}},"loc":{"start":{"line":122,"column":29},"end":{"line":135,"column":1}},"line":122}},"branchMap":{"0":{"loc":{"start":{"line":24,"column":13},"end":{"line":24,"column":23}},"type":"default-arg","locations":[{"start":{"line":24,"column":21},"end":{"line":24,"column":23}}],"line":24},"1":{"loc":{"start":{"line":34,"column":16},"end":{"line":34,"column":57}},"type":"binary-expr","locations":[{"start":{"line":34,"column":16},"end":{"line":34,"column":30}},{"start":{"line":34,"column":34},"end":{"line":34,"column":51}},{"start":{"line":34,"column":55},"end":{"line":34,"column":57}}],"line":34},"2":{"loc":{"start":{"line":35,"column":13},"end":{"line":35,"column":33}},"type":"binary-expr","locations":[{"start":{"line":35,"column":13},"end":{"line":35,"column":27}},{"start":{"line":35,"column":31},"end":{"line":35,"column":33}}],"line":35},"3":{"loc":{"start":{"line":36,"column":17},"end":{"line":36,"column":38}},"type":"binary-expr","locations":[{"start":{"line":36,"column":17},"end":{"line":36,"column":32}},{"start":{"line":36,"column":36},"end":{"line":36,"column":38}}],"line":36},"4":{"loc":{"start":{"line":37,"column":16},"end":{"line":37,"column":36}},"type":"binary-expr","locations":[{"start":{"line":37,"column":16},"end":{"line":37,"column":30}},{"start":{"line":37,"column":34},"end":{"line":37,"column":36}}],"line":37},"5":{"loc":{"start":{"line":48,"column":4},"end":{"line":52,"column":5}},"type":"if","locations":[{"start":{"line":48,"column":4},"end":{"line":52,"column":5}},{"start":{"line":50,"column":11},"end":{"line":52,"column":5}}],"line":48},"6":{"loc":{"start":{"line":65,"column":4},"end":{"line":69,"column":5}},"type":"if","locations":[{"start":{"line":65,"column":4},"end":{"line":69,"column":5}},{"start":{},"end":{}}],"line":65},"7":{"loc":{"start":{"line":75,"column":4},"end":{"line":77,"column":5}},"type":"if","locations":[{"start":{"line":75,"column":4},"end":{"line":77,"column":5}},{"start":{},"end":{}}],"line":75},"8":{"loc":{"start":{"line":81,"column":4},"end":{"line":96,"column":5}},"type":"if","locations":[{"start":{"line":81,"column":4},"end":{"line":96,"column":5}},{"start":{},"end":{}}],"line":81},"9":{"loc":{"start":{"line":99,"column":9},"end":{"line":119,"column":3}},"type":"cond-expr","locations":[{"start":{"line":100,"column":4},"end":{"line":103,"column":14}},{"start":{"line":105,"column":4},"end":{"line":118,"column":26}}],"line":99},"10":{"loc":{"start":{"line":110,"column":18},"end":{"line":110,"column":70}},"type":"binary-expr","locations":[{"start":{"line":110,"column":18},"end":{"line":110,"column":43}},{"start":{"line":110,"column":47},"end":{"line":110,"column":70}}],"line":110},"11":{"loc":{"start":{"line":112,"column":9},"end":{"line":116,"column":9}},"type":"cond-expr","locations":[{"start":{"line":113,"column":10},"end":{"line":113,"column":35}},{"start":{"line":115,"column":10},"end":{"line":115,"column":51}}],"line":112},"12":{"loc":{"start":{"line":127,"column":32},"end":{"line":127,"column":72}},"type":"cond-expr","locations":[{"start":{"line":127,"column":46},"end":{"line":127,"column":57}},{"start":{"line":127,"column":60},"end":{"line":127,"column":72}}],"line":127}},"s":{"0":1,"1":3,"2":3,"3":3,"4":3,"5":3,"6":3,"7":3,"8":1,"9":0,"10":0,"11":0,"12":0,"13":0,"14":0,"15":0,"16":0,"17":0,"18":0,"19":0,"20":0,"21":3,"22":1,"23":1,"24":1,"25":1,"26":0,"27":0,"28":0,"29":3,"30":2,"31":0,"32":3,"33":1,"34":0,"35":3,"36":1,"37":1,"38":1},"f":{"0":3,"1":1,"2":0,"3":0,"4":1,"5":0,"6":2,"7":1,"8":1},"b":{"0":[0],"1":[1,1,1],"2":[1,1],"3":[1,1],"4":[1,1],"5":[0,0],"6":[1,0],"7":[0,2],"8":[0,1],"9":[1,2],"10":[2,2],"11":[0,2],"12":[0,1]},"_coverageSchema":"1a1c01bbd47fc00a2c39e90264f33305004495a9","hash":"e719c9b52061213d8880ae6886b2d566cab09afc"}
,"/Users/I539149/projects/webapps/LimesUI/src/AppContent.js": {"path":"/Users/I539149/projects/webapps/LimesUI/src/AppContent.js","statementMap":{"0":{"start":{"line":9,"column":19},"end":{"line":81,"column":1}},"1":{"start":{"line":10,"column":26},"end":{"line":10,"column":38}},"2":{"start":{"line":11,"column":32},"end":{"line":11,"column":44}},"3":{"start":{"line":12,"column":35},"end":{"line":12,"column":54}},"4":{"start":{"line":13,"column":26},"end":{"line":13,"column":38}},"5":{"start":{"line":14,"column":29},"end":{"line":14,"column":48}},"6":{"start":{"line":15,"column":32},"end":{"line":15,"column":51}},"7":{"start":{"line":16,"column":29},"end":{"line":16,"column":48}},"8":{"start":{"line":17,"column":29},"end":{"line":19,"column":4}},"9":{"start":{"line":20,"column":28},"end":{"line":22,"column":4}},"10":{"start":{"line":28,"column":6},"end":{"line":28,"column":24}},"11":{"start":{"line":30,"column":4},"end":{"line":30,"column":21}},"12":{"start":{"line":32,"column":2},"end":{"line":36,"column":26}},"13":{"start":{"line":33,"column":4},"end":{"line":33,"column":35}},"14":{"start":{"line":33,"column":28},"end":{"line":33,"column":35}},"15":{"start":{"line":34,"column":4},"end":{"line":34,"column":32}},"16":{"start":{"line":35,"column":4},"end":{"line":35,"column":33}},"17":{"start":{"line":38,"column":2},"end":{"line":42,"column":23}},"18":{"start":{"line":40,"column":4},"end":{"line":40,"column":32}},"19":{"start":{"line":40,"column":25},"end":{"line":40,"column":32}},"20":{"start":{"line":41,"column":4},"end":{"line":41,"column":54}},"21":{"start":{"line":44,"column":2},"end":{"line":47,"column":26}},"22":{"start":{"line":45,"column":4},"end":{"line":45,"column":35}},"23":{"start":{"line":45,"column":28},"end":{"line":45,"column":35}},"24":{"start":{"line":46,"column":4},"end":{"line":46,"column":50}},"25":{"start":{"line":49,"column":2},"end":{"line":80,"column":4}}},"fnMap":{"0":{"name":"(anonymous_0)","decl":{"start":{"line":9,"column":19},"end":{"line":9,"column":20}},"loc":{"start":{"line":9,"column":30},"end":{"line":81,"column":1}},"line":9},"1":{"name":"(anonymous_1)","decl":{"start":{"line":32,"column":18},"end":{"line":32,"column":19}},"loc":{"start":{"line":32,"column":24},"end":{"line":36,"column":3}},"line":32},"2":{"name":"(anonymous_2)","decl":{"start":{"line":38,"column":18},"end":{"line":38,"column":19}},"loc":{"start":{"line":38,"column":24},"end":{"line":42,"column":3}},"line":38},"3":{"name":"(anonymous_3)","decl":{"start":{"line":44,"column":18},"end":{"line":44,"column":19}},"loc":{"start":{"line":44,"column":24},"end":{"line":47,"column":3}},"line":44}},"branchMap":{"0":{"loc":{"start":{"line":33,"column":4},"end":{"line":33,"column":35}},"type":"if","locations":[{"start":{"line":33,"column":4},"end":{"line":33,"column":35}},{"start":{},"end":{}}],"line":33},"1":{"loc":{"start":{"line":40,"column":4},"end":{"line":40,"column":32}},"type":"if","locations":[{"start":{"line":40,"column":4},"end":{"line":40,"column":32}},{"start":{},"end":{}}],"line":40},"2":{"loc":{"start":{"line":45,"column":4},"end":{"line":45,"column":35}},"type":"if","locations":[{"start":{"line":45,"column":4},"end":{"line":45,"column":35}},{"start":{},"end":{}}],"line":45},"3":{"loc":{"start":{"line":49,"column":9},"end":{"line":80,"column":3}},"type":"cond-expr","locations":[{"start":{"line":50,"column":4},"end":{"line":50,"column":38}},{"start":{"line":52,"column":4},"end":{"line":79,"column":16}}],"line":49},"4":{"loc":{"start":{"line":53,"column":7},"end":{"line":78,"column":7}},"type":"cond-expr","locations":[{"start":{"line":57,"column":8},"end":{"line":75,"column":21}},{"start":{"line":77,"column":8},"end":{"line":77,"column":49}}],"line":53},"5":{"loc":{"start":{"line":53,"column":7},"end":{"line":56,"column":25}},"type":"binary-expr","locations":[{"start":{"line":53,"column":7},"end":{"line":53,"column":18}},{"start":{"line":54,"column":6},"end":{"line":54,"column":17}},{"start":{"line":55,"column":6},"end":{"line":55,"column":23}},{"start":{"line":56,"column":6},"end":{"line":56,"column":25}}],"line":53},"6":{"loc":{"start":{"line":67,"column":15},"end":{"line":72,"column":15}},"type":"binary-expr","locations":[{"start":{"line":67,"column":15},"end":{"line":67,"column":28}},{"start":{"line":68,"column":16},"end":{"line":71,"column":18}}],"line":67}},"s":{"0":1,"1":0,"2":0,"3":0,"4":0,"5":0,"6":0,"7":0,"8":0,"9":0,"10":0,"11":0,"12":0,"13":0,"14":0,"15":0,"16":0,"17":0,"18":0,"19":0,"20":0,"21":0,"22":0,"23":0,"24":0,"25":0},"f":{"0":0,"1":0,"2":0,"3":0},"b":{"0":[0,0],"1":[0,0],"2":[0,0],"3":[0,0],"4":[0,0],"5":[0,0,0,0],"6":[0,0]},"_coverageSchema":"1a1c01bbd47fc00a2c39e90264f33305004495a9","hash":"42c4cd9446a07ed7edc478d53dbe029a5f770b08"}
,"/Users/I539149/projects/webapps/LimesUI/src/AsyncWorker.js": {"path":"/Users/I539149/projects/webapps/LimesUI/src/AsyncWorker.js","statementMap":{"0":{"start":{"line":3,"column":20},"end":{"line":6,"column":3}},"1":{"start":{"line":4,"column":4},"end":{"line":4,"column":29}},"2":{"start":{"line":5,"column":4},"end":{"line":5,"column":15}}},"fnMap":{"0":{"name":"(anonymous_0)","decl":{"start":{"line":3,"column":20},"end":{"line":3,"column":21}},"loc":{"start":{"line":3,"column":37},"end":{"line":6,"column":3}},"line":3}},"branchMap":{},"s":{"0":1,"1":2,"2":2},"f":{"0":2},"b":{},"_coverageSchema":"1a1c01bbd47fc00a2c39e90264f33305004495a9","hash":"2c76d4793be2d5d74ab1845fcbb8c7ab060d12f0"}
,"/Users/I539149/projects/webapps/LimesUI/src/components/Category.js": {"path":"/Users/I539149/projects/webapps/LimesUI/src/components/Category.js","statementMap":{"0":{"start":{"line":5,"column":22},"end":{"line":11,"column":5}},"1":{"start":{"line":12,"column":24},"end":{"line":16,"column":5}},"2":{"start":{"line":20,"column":17},"end":{"line":57,"column":1}},"3":{"start":{"line":21,"column":36},"end":{"line":21,"column":41}},"4":{"start":{"line":22,"column":30},"end":{"line":22,"column":44}},"5":{"start":{"line":23,"column":23},"end":{"line":27,"column":3}},"6":{"start":{"line":32,"column":16},"end":{"line":32,"column":61}},"7":{"start":{"line":32,"column":40},"end":{"line":32,"column":60}},"8":{"start":{"line":33,"column":4},"end":{"line":35,"column":5}},"9":{"start":{"line":34,"column":6},"end":{"line":34,"column":55}},"10":{"start":{"line":36,"column":4},"end":{"line":36,"column":14}},"11":{"start":{"line":39,"column":2},"end":{"line":56,"column":3}},"12":{"start":{"line":46,"column":10},"end":{"line":52,"column":12}}},"fnMap":{"0":{"name":"(anonymous_0)","decl":{"start":{"line":20,"column":17},"end":{"line":20,"column":18}},"loc":{"start":{"line":20,"column":28},"end":{"line":57,"column":1}},"line":20},"1":{"name":"getContainingResourceFor","decl":{"start":{"line":31,"column":11},"end":{"line":31,"column":35}},"loc":{"start":{"line":31,"column":45},"end":{"line":37,"column":3}},"line":31},"2":{"name":"(anonymous_2)","decl":{"start":{"line":32,"column":31},"end":{"line":32,"column":32}},"loc":{"start":{"line":32,"column":40},"end":{"line":32,"column":60}},"line":32},"3":{"name":"(anonymous_3)","decl":{"start":{"line":45,"column":50},"end":{"line":45,"column":51}},"loc":{"start":{"line":46,"column":10},"end":{"line":52,"column":12}},"line":46}},"branchMap":{"0":{"loc":{"start":{"line":33,"column":4},"end":{"line":35,"column":5}},"type":"if","locations":[{"start":{"line":33,"column":4},"end":{"line":35,"column":5}},{"start":{},"end":{}}],"line":33}},"s":{"0":1,"1":1,"2":1,"3":0,"4":0,"5":0,"6":0,"7":0,"8":0,"9":0,"10":0,"11":0,"12":0},"f":{"0":0,"1":0,"2":0,"3":0},"b":{"0":[0,0]},"_coverageSchema":"1a1c01bbd47fc00a2c39e90264f33305004495a9","hash":"0bd4775e625556d24ced2fa4ee8cf4608185458e"}
,"/Users/I539149/projects/webapps/LimesUI/src/components/Overview.js": {"path":"/Users/I539149/projects/webapps/LimesUI/src/components/Overview.js","statementMap":{"0":{"start":{"line":9,"column":17},"end":{"line":84,"column":1}},"1":{"start":{"line":10,"column":34},"end":{"line":12,"column":3}},"2":{"start":{"line":13,"column":24},"end":{"line":13,"column":47}},"3":{"start":{"line":14,"column":40},"end":{"line":14,"column":51}},"4":{"start":{"line":15,"column":19},"end":{"line":15,"column":32}},"5":{"start":{"line":16,"column":24},"end":{"line":16,"column":74}},"6":{"start":{"line":16,"column":53},"end":{"line":16,"column":73}},"7":{"start":{"line":20,"column":6},"end":{"line":20,"column":20}},"8":{"start":{"line":21,"column":28},"end":{"line":21,"column":46}},"9":{"start":{"line":23,"column":29},"end":{"line":25,"column":37}},"10":{"start":{"line":24,"column":28},"end":{"line":24,"column":53}},"11":{"start":{"line":25,"column":21},"end":{"line":25,"column":36}},"12":{"start":{"line":26,"column":29},"end":{"line":28,"column":37}},"13":{"start":{"line":27,"column":28},"end":{"line":27,"column":53}},"14":{"start":{"line":28,"column":21},"end":{"line":28,"column":36}},"15":{"start":{"line":29,"column":26},"end":{"line":31,"column":37}},"16":{"start":{"line":30,"column":28},"end":{"line":30,"column":50}},"17":{"start":{"line":31,"column":21},"end":{"line":31,"column":36}},"18":{"start":{"line":32,"column":26},"end":{"line":34,"column":20}},"19":{"start":{"line":35,"column":26},"end":{"line":37,"column":20}},"20":{"start":{"line":39,"column":6},"end":{"line":41,"column":57}},"21":{"start":{"line":43,"column":4},"end":{"line":59,"column":6}},"22":{"start":{"line":48,"column":12},"end":{"line":55,"column":14}},"23":{"start":{"line":49,"column":14},"end":{"line":54,"column":16}},"24":{"start":{"line":62,"column":2},"end":{"line":83,"column":4}},"25":{"start":{"line":67,"column":12},"end":{"line":73,"column":18}},"26":{"start":{"line":69,"column":29},"end":{"line":69,"column":49}},"27":{"start":{"line":77,"column":10},"end":{"line":77,"column":60}}},"fnMap":{"0":{"name":"(anonymous_0)","decl":{"start":{"line":9,"column":17},"end":{"line":9,"column":18}},"loc":{"start":{"line":9,"column":28},"end":{"line":84,"column":1}},"line":9},"1":{"name":"(anonymous_1)","decl":{"start":{"line":16,"column":43},"end":{"line":16,"column":44}},"loc":{"start":{"line":16,"column":53},"end":{"line":16,"column":73}},"line":16},"2":{"name":"renderArea","decl":{"start":{"line":18,"column":11},"end":{"line":18,"column":21}},"loc":{"start":{"line":18,"column":24},"end":{"line":60,"column":3}},"line":18},"3":{"name":"(anonymous_3)","decl":{"start":{"line":24,"column":11},"end":{"line":24,"column":12}},"loc":{"start":{"line":24,"column":28},"end":{"line":24,"column":53}},"line":24},"4":{"name":"(anonymous_4)","decl":{"start":{"line":25,"column":14},"end":{"line":25,"column":15}},"loc":{"start":{"line":25,"column":21},"end":{"line":25,"column":36}},"line":25},"5":{"name":"(anonymous_5)","decl":{"start":{"line":27,"column":11},"end":{"line":27,"column":12}},"loc":{"start":{"line":27,"column":28},"end":{"line":27,"column":53}},"line":27},"6":{"name":"(anonymous_6)","decl":{"start":{"line":28,"column":14},"end":{"line":28,"column":15}},"loc":{"start":{"line":28,"column":21},"end":{"line":28,"column":36}},"line":28},"7":{"name":"(anonymous_7)","decl":{"start":{"line":30,"column":11},"end":{"line":30,"column":12}},"loc":{"start":{"line":30,"column":28},"end":{"line":30,"column":50}},"line":30},"8":{"name":"(anonymous_8)","decl":{"start":{"line":31,"column":14},"end":{"line":31,"column":15}},"loc":{"start":{"line":31,"column":21},"end":{"line":31,"column":36}},"line":31},"9":{"name":"(anonymous_9)","decl":{"start":{"line":47,"column":15},"end":{"line":47,"column":16}},"loc":{"start":{"line":48,"column":12},"end":{"line":55,"column":14}},"line":48},"10":{"name":"(anonymous_10)","decl":{"start":{"line":48,"column":40},"end":{"line":48,"column":41}},"loc":{"start":{"line":49,"column":14},"end":{"line":54,"column":16}},"line":49},"11":{"name":"(anonymous_11)","decl":{"start":{"line":64,"column":52},"end":{"line":64,"column":53}},"loc":{"start":{"line":64,"column":58},"end":{"line":64,"column":60}},"line":64},"12":{"name":"(anonymous_12)","decl":{"start":{"line":66,"column":24},"end":{"line":66,"column":25}},"loc":{"start":{"line":67,"column":12},"end":{"line":73,"column":18}},"line":67},"13":{"name":"(anonymous_13)","decl":{"start":{"line":69,"column":23},"end":{"line":69,"column":24}},"loc":{"start":{"line":69,"column":29},"end":{"line":69,"column":49}},"line":69},"14":{"name":"(anonymous_14)","decl":{"start":{"line":76,"column":22},"end":{"line":76,"column":23}},"loc":{"start":{"line":77,"column":10},"end":{"line":77,"column":60}},"line":77}},"branchMap":{"0":{"loc":{"start":{"line":14,"column":10},"end":{"line":14,"column":35}},"type":"default-arg","locations":[{"start":{"line":14,"column":24},"end":{"line":14,"column":35}}],"line":14},"1":{"loc":{"start":{"line":39,"column":6},"end":{"line":41,"column":57}},"type":"cond-expr","locations":[{"start":{"line":40,"column":10},"end":{"line":40,"column":23}},{"start":{"line":41,"column":10},"end":{"line":41,"column":57}}],"line":39}},"s":{"0":1,"1":0,"2":0,"3":0,"4":0,"5":0,"6":0,"7":0,"8":0,"9":0,"10":0,"11":0,"12":0,"13":0,"14":0,"15":0,"16":0,"17":0,"18":0,"19":0,"20":0,"21":0,"22":0,"23":0,"24":0,"25":0,"26":0,"27":0},"f":{"0":0,"1":0,"2":0,"3":0,"4":0,"5":0,"6":0,"7":0,"8":0,"9":0,"10":0,"11":0,"12":0,"13":0,"14":0},"b":{"0":[0],"1":[0,0]},"_coverageSchema":"1a1c01bbd47fc00a2c39e90264f33305004495a9","hash":"a2a742aecab632d1ccbf01a8825e136e758b3925"}
,"/Users/I539149/projects/webapps/LimesUI/src/components/ResourceBar.js": {"path":"/Users/I539149/projects/webapps/LimesUI/src/components/ResourceBar.js","statementMap":{"0":{"start":{"line":4,"column":21},"end":{"line":4,"column":23}},"1":{"start":{"line":5,"column":27},"end":{"line":5,"column":29}},"2":{"start":{"line":7,"column":20},"end":{"line":11,"column":1}},"3":{"start":{"line":13,"column":24},"end":{"line":18,"column":1}},"4":{"start":{"line":19,"column":25},"end":{"line":21,"column":3}},"5":{"start":{"line":22,"column":26},"end":{"line":27,"column":3}},"6":{"start":{"line":28,"column":30},"end":{"line":30,"column":3}},"7":{"start":{"line":31,"column":31},"end":{"line":36,"column":3}},"8":{"start":{"line":37,"column":24},"end":{"line":46,"column":3}},"9":{"start":{"line":47,"column":17},"end":{"line":49,"column":1}},"10":{"start":{"line":50,"column":22},"end":{"line":56,"column":1}},"11":{"start":{"line":58,"column":20},"end":{"line":234,"column":1}},"12":{"start":{"line":59,"column":22},"end":{"line":59,"column":40}},"13":{"start":{"line":72,"column":6},"end":{"line":72,"column":11}},"14":{"start":{"line":74,"column":19},"end":{"line":74,"column":24}},"15":{"start":{"line":114,"column":4},"end":{"line":135,"column":5}},"16":{"start":{"line":115,"column":6},"end":{"line":134,"column":8}},"17":{"start":{"line":137,"column":23},"end":{"line":137,"column":64}},"18":{"start":{"line":139,"column":4},"end":{"line":141,"column":5}},"19":{"start":{"line":140,"column":6},"end":{"line":140,"column":25}},"20":{"start":{"line":143,"column":6},"end":{"line":143,"column":70}},"21":{"start":{"line":147,"column":5},"end":{"line":149,"column":40}},"22":{"start":{"line":152,"column":6},"end":{"line":161,"column":13}},"23":{"start":{"line":165,"column":6},"end":{"line":169,"column":13}},"24":{"start":{"line":172,"column":17},"end":{"line":172,"column":26}},"25":{"start":{"line":173,"column":25},"end":{"line":173,"column":54}},"26":{"start":{"line":174,"column":29},"end":{"line":174,"column":61}},"27":{"start":{"line":175,"column":4},"end":{"line":177,"column":5}},"28":{"start":{"line":176,"column":6},"end":{"line":176,"column":62}},"29":{"start":{"line":179,"column":6},"end":{"line":224,"column":14}},"30":{"start":{"line":226,"column":4},"end":{"line":226,"column":23}},"31":{"start":{"line":229,"column":2},"end":{"line":233,"column":4}}},"fnMap":{"0":{"name":"(anonymous_0)","decl":{"start":{"line":58,"column":20},"end":{"line":58,"column":21}},"loc":{"start":{"line":58,"column":31},"end":{"line":234,"column":1}},"line":58},"1":{"name":"buildResourceBar","decl":{"start":{"line":112,"column":11},"end":{"line":112,"column":27}},"loc":{"start":{"line":112,"column":30},"end":{"line":227,"column":3}},"line":112}},"branchMap":{"0":{"loc":{"start":{"line":114,"column":4},"end":{"line":135,"column":5}},"type":"if","locations":[{"start":{"line":114,"column":4},"end":{"line":135,"column":5}},{"start":{},"end":{}}],"line":114},"1":{"loc":{"start":{"line":114,"column":8},"end":{"line":114,"column":34}},"type":"binary-expr","locations":[{"start":{"line":114,"column":8},"end":{"line":114,"column":21}},{"start":{"line":114,"column":25},"end":{"line":114,"column":34}}],"line":114},"2":{"loc":{"start":{"line":119,"column":17},"end":{"line":119,"column":70}},"type":"cond-expr","locations":[{"start":{"line":119,"column":34},"end":{"line":119,"column":50}},{"start":{"line":119,"column":53},"end":{"line":119,"column":70}}],"line":119},"3":{"loc":{"start":{"line":123,"column":14},"end":{"line":123,"column":48}},"type":"cond-expr","locations":[{"start":{"line":123,"column":27},"end":{"line":123,"column":36}},{"start":{"line":123,"column":39},"end":{"line":123,"column":48}}],"line":123},"4":{"loc":{"start":{"line":126,"column":13},"end":{"line":126,"column":55}},"type":"cond-expr","locations":[{"start":{"line":126,"column":29},"end":{"line":126,"column":42}},{"start":{"line":126,"column":45},"end":{"line":126,"column":55}}],"line":126},"5":{"loc":{"start":{"line":139,"column":4},"end":{"line":141,"column":5}},"type":"if","locations":[{"start":{"line":139,"column":4},"end":{"line":141,"column":5}},{"start":{},"end":{}}],"line":139},"6":{"loc":{"start":{"line":139,"column":8},"end":{"line":139,"column":38}},"type":"binary-expr","locations":[{"start":{"line":139,"column":8},"end":{"line":139,"column":16}},{"start":{"line":139,"column":20},"end":{"line":139,"column":38}}],"line":139},"7":{"loc":{"start":{"line":147,"column":5},"end":{"line":149,"column":40}},"type":"cond-expr","locations":[{"start":{"line":148,"column":10},"end":{"line":148,"column":24}},{"start":{"line":149,"column":10},"end":{"line":149,"column":40}}],"line":147},"8":{"loc":{"start":{"line":147,"column":5},"end":{"line":147,"column":31}},"type":"binary-expr","locations":[{"start":{"line":147,"column":5},"end":{"line":147,"column":19}},{"start":{"line":147,"column":23},"end":{"line":147,"column":31}}],"line":147},"9":{"loc":{"start":{"line":153,"column":53},"end":{"line":153,"column":76}},"type":"binary-expr","locations":[{"start":{"line":153,"column":53},"end":{"line":153,"column":63}},{"start":{"line":153,"column":67},"end":{"line":153,"column":76}}],"line":153},"10":{"loc":{"start":{"line":156,"column":9},"end":{"line":160,"column":9}},"type":"cond-expr","locations":[{"start":{"line":157,"column":10},"end":{"line":157,"column":56}},{"start":{"line":159,"column":10},"end":{"line":159,"column":57}}],"line":156},"11":{"loc":{"start":{"line":166,"column":53},"end":{"line":166,"column":76}},"type":"binary-expr","locations":[{"start":{"line":166,"column":53},"end":{"line":166,"column":63}},{"start":{"line":166,"column":67},"end":{"line":166,"column":76}}],"line":166},"12":{"loc":{"start":{"line":175,"column":4},"end":{"line":177,"column":5}},"type":"if","locations":[{"start":{"line":175,"column":4},"end":{"line":177,"column":5}},{"start":{},"end":{}}],"line":175},"13":{"loc":{"start":{"line":186,"column":17},"end":{"line":186,"column":70}},"type":"cond-expr","locations":[{"start":{"line":186,"column":34},"end":{"line":186,"column":50}},{"start":{"line":186,"column":53},"end":{"line":186,"column":70}}],"line":186},"14":{"loc":{"start":{"line":191,"column":14},"end":{"line":191,"column":44}},"type":"cond-expr","locations":[{"start":{"line":191,"column":21},"end":{"line":191,"column":30}},{"start":{"line":191,"column":33},"end":{"line":191,"column":44}}],"line":191},"15":{"loc":{"start":{"line":197,"column":21},"end":{"line":197,"column":64}},"type":"cond-expr","locations":[{"start":{"line":197,"column":32},"end":{"line":197,"column":46}},{"start":{"line":197,"column":49},"end":{"line":197,"column":64}}],"line":197},"16":{"loc":{"start":{"line":202,"column":9},"end":{"line":223,"column":9}},"type":"cond-expr","locations":[{"start":{"line":203,"column":10},"end":{"line":220,"column":18}},{"start":{"line":222,"column":10},"end":{"line":222,"column":12}}],"line":202},"17":{"loc":{"start":{"line":211,"column":16},"end":{"line":211,"column":52}},"type":"cond-expr","locations":[{"start":{"line":211,"column":29},"end":{"line":211,"column":38}},{"start":{"line":211,"column":41},"end":{"line":211,"column":52}}],"line":211},"18":{"loc":{"start":{"line":217,"column":23},"end":{"line":217,"column":77}},"type":"cond-expr","locations":[{"start":{"line":217,"column":41},"end":{"line":217,"column":59}},{"start":{"line":217,"column":62},"end":{"line":217,"column":77}}],"line":217}},"s":{"0":1,"1":1,"2":1,"3":1,"4":1,"5":1,"6":1,"7":1,"8":1,"9":1,"10":1,"11":1,"12":0,"13":0,"14":0,"15":0,"16":0,"17":0,"18":0,"19":0,"20":0,"21":0,"22":0,"23":0,"24":0,"25":0,"26":0,"27":0,"28":0,"29":0,"30":0,"31":0},"f":{"0":0,"1":0},"b":{"0":[0,0],"1":[0,0],"2":[0,0],"3":[0,0],"4":[0,0],"5":[0,0],"6":[0,0],"7":[0,0],"8":[0,0],"9":[0,0],"10":[0,0],"11":[0,0],"12":[0,0],"13":[0,0],"14":[0,0],"15":[0,0],"16":[0,0],"17":[0,0],"18":[0,0]},"_coverageSchema":"1a1c01bbd47fc00a2c39e90264f33305004495a9","hash":"0de973a97636b79cbcfb1c1412bab29f1e856f1e"}
,"/Users/I539149/projects/webapps/LimesUI/src/components/StoreProvider.js": {"path":"/Users/I539149/projects/webapps/LimesUI/src/components/StoreProvider.js","statementMap":{"0":{"start":{"line":5,"column":21},"end":{"line":5,"column":36}},"1":{"start":{"line":6,"column":22},"end":{"line":10,"column":1}},"2":{"start":{"line":7,"column":2},"end":{"line":9,"column":26}},"3":{"start":{"line":12,"column":20},"end":{"line":12,"column":76}},"4":{"start":{"line":12,"column":34},"end":{"line":12,"column":76}},"5":{"start":{"line":15,"column":24},"end":{"line":15,"column":73}},"6":{"start":{"line":15,"column":30},"end":{"line":15,"column":73}},"7":{"start":{"line":15,"column":53},"end":{"line":15,"column":72}},"8":{"start":{"line":16,"column":31},"end":{"line":16,"column":78}},"9":{"start":{"line":16,"column":37},"end":{"line":16,"column":78}},"10":{"start":{"line":16,"column":60},"end":{"line":16,"column":77}},"11":{"start":{"line":19,"column":26},"end":{"line":19,"column":69}},"12":{"start":{"line":19,"column":32},"end":{"line":19,"column":69}},"13":{"start":{"line":19,"column":55},"end":{"line":19,"column":68}},"14":{"start":{"line":20,"column":33},"end":{"line":21,"column":47}},"15":{"start":{"line":21,"column":2},"end":{"line":21,"column":47}},"16":{"start":{"line":21,"column":25},"end":{"line":21,"column":46}},"17":{"start":{"line":24,"column":37},"end":{"line":25,"column":48}},"18":{"start":{"line":25,"column":2},"end":{"line":25,"column":48}},"19":{"start":{"line":25,"column":25},"end":{"line":25,"column":47}},"20":{"start":{"line":26,"column":44},"end":{"line":27,"column":56}},"21":{"start":{"line":27,"column":2},"end":{"line":27,"column":56}},"22":{"start":{"line":27,"column":25},"end":{"line":27,"column":55}}},"fnMap":{"0":{"name":"(anonymous_0)","decl":{"start":{"line":6,"column":22},"end":{"line":6,"column":23}},"loc":{"start":{"line":7,"column":2},"end":{"line":9,"column":26}},"line":7},"1":{"name":"(anonymous_1)","decl":{"start":{"line":12,"column":20},"end":{"line":12,"column":21}},"loc":{"start":{"line":12,"column":34},"end":{"line":12,"column":76}},"line":12},"2":{"name":"(anonymous_2)","decl":{"start":{"line":15,"column":24},"end":{"line":15,"column":25}},"loc":{"start":{"line":15,"column":30},"end":{"line":15,"column":73}},"line":15},"3":{"name":"(anonymous_3)","decl":{"start":{"line":15,"column":42},"end":{"line":15,"column":43}},"loc":{"start":{"line":15,"column":53},"end":{"line":15,"column":72}},"line":15},"4":{"name":"(anonymous_4)","decl":{"start":{"line":16,"column":31},"end":{"line":16,"column":32}},"loc":{"start":{"line":16,"column":37},"end":{"line":16,"column":78}},"line":16},"5":{"name":"(anonymous_5)","decl":{"start":{"line":16,"column":49},"end":{"line":16,"column":50}},"loc":{"start":{"line":16,"column":60},"end":{"line":16,"column":77}},"line":16},"6":{"name":"(anonymous_6)","decl":{"start":{"line":19,"column":26},"end":{"line":19,"column":27}},"loc":{"start":{"line":19,"column":32},"end":{"line":19,"column":69}},"line":19},"7":{"name":"(anonymous_7)","decl":{"start":{"line":19,"column":44},"end":{"line":19,"column":45}},"loc":{"start":{"line":19,"column":55},"end":{"line":19,"column":68}},"line":19},"8":{"name":"(anonymous_8)","decl":{"start":{"line":20,"column":33},"end":{"line":20,"column":34}},"loc":{"start":{"line":21,"column":2},"end":{"line":21,"column":47}},"line":21},"9":{"name":"(anonymous_9)","decl":{"start":{"line":21,"column":14},"end":{"line":21,"column":15}},"loc":{"start":{"line":21,"column":25},"end":{"line":21,"column":46}},"line":21},"10":{"name":"(anonymous_10)","decl":{"start":{"line":24,"column":37},"end":{"line":24,"column":38}},"loc":{"start":{"line":25,"column":2},"end":{"line":25,"column":48}},"line":25},"11":{"name":"(anonymous_11)","decl":{"start":{"line":25,"column":14},"end":{"line":25,"column":15}},"loc":{"start":{"line":25,"column":25},"end":{"line":25,"column":47}},"line":25},"12":{"name":"(anonymous_12)","decl":{"start":{"line":26,"column":44},"end":{"line":26,"column":45}},"loc":{"start":{"line":27,"column":2},"end":{"line":27,"column":56}},"line":27},"13":{"name":"(anonymous_13)","decl":{"start":{"line":27,"column":14},"end":{"line":27,"column":15}},"loc":{"start":{"line":27,"column":25},"end":{"line":27,"column":55}},"line":27}},"branchMap":{},"s":{"0":5,"1":5,"2":11,"3":5,"4":96,"5":5,"6":12,"7":20,"8":5,"9":12,"10":20,"11":5,"12":6,"13":9,"14":5,"15":6,"16":9,"17":5,"18":23,"19":39,"20":5,"21":37,"22":63},"f":{"0":11,"1":96,"2":12,"3":20,"4":12,"5":20,"6":6,"7":9,"8":6,"9":9,"10":23,"11":39,"12":37,"13":63},"b":{},"_coverageSchema":"1a1c01bbd47fc00a2c39e90264f33305004495a9","hash":"d25cd41e34d17fc36ff596c51b7c42755f2d139d"}
,"/Users/I539149/projects/webapps/LimesUI/src/components/commitment/CommitmentCalendar.js": {"path":"/Users/I539149/projects/webapps/LimesUI/src/components/commitment/CommitmentCalendar.js","statementMap":{"0":{"start":{"line":5,"column":20},"end":{"line":10,"column":1}},"1":{"start":{"line":12,"column":27},"end":{"line":60,"column":1}},"2":{"start":{"line":13,"column":55},"end":{"line":13,"column":67}},"3":{"start":{"line":14,"column":38},"end":{"line":14,"column":59}},"4":{"start":{"line":16,"column":20},"end":{"line":22,"column":3}},"5":{"start":{"line":17,"column":24},"end":{"line":17,"column":40}},"6":{"start":{"line":18,"column":4},"end":{"line":18,"column":61}},"7":{"start":{"line":18,"column":45},"end":{"line":18,"column":61}},"8":{"start":{"line":19,"column":4},"end":{"line":19,"column":61}},"9":{"start":{"line":19,"column":45},"end":{"line":19,"column":61}},"10":{"start":{"line":20,"column":4},"end":{"line":21,"column":25}},"11":{"start":{"line":20,"column":45},"end":{"line":20,"column":61}},"12":{"start":{"line":21,"column":9},"end":{"line":21,"column":25}},"13":{"start":{"line":24,"column":24},"end":{"line":31,"column":3}},"14":{"start":{"line":25,"column":19},"end":{"line":25,"column":35}},"15":{"start":{"line":26,"column":4},"end":{"line":30,"column":6}},"16":{"start":{"line":33,"column":2},"end":{"line":59,"column":4}},"17":{"start":{"line":37,"column":31},"end":{"line":37,"column":72}},"18":{"start":{"line":39,"column":8},"end":{"line":43,"column":9}},"19":{"start":{"line":40,"column":10},"end":{"line":40,"column":30}},"20":{"start":{"line":41,"column":10},"end":{"line":41,"column":32}},"21":{"start":{"line":42,"column":10},"end":{"line":42,"column":17}},"22":{"start":{"line":44,"column":8},"end":{"line":44,"column":29}},"23":{"start":{"line":46,"column":8},"end":{"line":46,"column":36}}},"fnMap":{"0":{"name":"(anonymous_0)","decl":{"start":{"line":12,"column":27},"end":{"line":12,"column":28}},"loc":{"start":{"line":12,"column":38},"end":{"line":60,"column":1}},"line":12},"1":{"name":"(anonymous_1)","decl":{"start":{"line":16,"column":20},"end":{"line":16,"column":21}},"loc":{"start":{"line":16,"column":31},"end":{"line":22,"column":3}},"line":16},"2":{"name":"(anonymous_2)","decl":{"start":{"line":24,"column":24},"end":{"line":24,"column":25}},"loc":{"start":{"line":24,"column":35},"end":{"line":31,"column":3}},"line":24},"3":{"name":"(anonymous_3)","decl":{"start":{"line":36,"column":16},"end":{"line":36,"column":17}},"loc":{"start":{"line":36,"column":32},"end":{"line":47,"column":7}},"line":36}},"branchMap":{"0":{"loc":{"start":{"line":18,"column":4},"end":{"line":18,"column":61}},"type":"if","locations":[{"start":{"line":18,"column":4},"end":{"line":18,"column":61}},{"start":{},"end":{}}],"line":18},"1":{"loc":{"start":{"line":18,"column":8},"end":{"line":18,"column":43}},"type":"binary-expr","locations":[{"start":{"line":18,"column":8},"end":{"line":18,"column":24}},{"start":{"line":18,"column":28},"end":{"line":18,"column":43}}],"line":18},"2":{"loc":{"start":{"line":19,"column":4},"end":{"line":19,"column":61}},"type":"if","locations":[{"start":{"line":19,"column":4},"end":{"line":19,"column":61}},{"start":{},"end":{}}],"line":19},"3":{"loc":{"start":{"line":19,"column":8},"end":{"line":19,"column":43}},"type":"binary-expr","locations":[{"start":{"line":19,"column":8},"end":{"line":19,"column":24}},{"start":{"line":19,"column":28},"end":{"line":19,"column":43}}],"line":19},"4":{"loc":{"start":{"line":20,"column":4},"end":{"line":21,"column":25}},"type":"if","locations":[{"start":{"line":20,"column":4},"end":{"line":21,"column":25}},{"start":{"line":21,"column":9},"end":{"line":21,"column":25}}],"line":20},"5":{"loc":{"start":{"line":20,"column":8},"end":{"line":20,"column":43}},"type":"binary-expr","locations":[{"start":{"line":20,"column":8},"end":{"line":20,"column":24}},{"start":{"line":20,"column":28},"end":{"line":20,"column":43}}],"line":20},"6":{"loc":{"start":{"line":39,"column":8},"end":{"line":43,"column":9}},"type":"if","locations":[{"start":{"line":39,"column":8},"end":{"line":43,"column":9}},{"start":{},"end":{}}],"line":39},"7":{"loc":{"start":{"line":39,"column":12},"end":{"line":39,"column":60}},"type":"binary-expr","locations":[{"start":{"line":39,"column":12},"end":{"line":39,"column":45}},{"start":{"line":39,"column":49},"end":{"line":39,"column":60}}],"line":39},"8":{"loc":{"start":{"line":52,"column":8},"end":{"line":56,"column":9}},"type":"binary-expr","locations":[{"start":{"line":52,"column":8},"end":{"line":52,"column":18}},{"start":{"line":53,"column":10},"end":{"line":55,"column":16}}],"line":52}},"s":{"0":1,"1":1,"2":0,"3":0,"4":0,"5":0,"6":0,"7":0,"8":0,"9":0,"10":0,"11":0,"12":0,"13":0,"14":0,"15":0,"16":0,"17":0,"18":0,"19":0,"20":0,"21":0,"22":0,"23":0},"f":{"0":0,"1":0,"2":0,"3":0},"b":{"0":[0,0],"1":[0,0],"2":[0,0],"3":[0,0],"4":[0,0],"5":[0,0],"6":[0,0],"7":[0,0],"8":[0,0]},"_coverageSchema":"1a1c01bbd47fc00a2c39e90264f33305004495a9","hash":"8c87ae0d7fb22f317528b8fd6619919cd57738df"}
,"/Users/I539149/projects/webapps/LimesUI/src/components/commitment/CommitmentModal.js": {"path":"/Users/I539149/projects/webapps/LimesUI/src/components/commitment/CommitmentModal.js","statementMap":{"0":{"start":{"line":20,"column":14},"end":{"line":20,"column":29}},"1":{"start":{"line":22,"column":24},"end":{"line":172,"column":1}},"2":{"start":{"line":32,"column":6},"end":{"line":34,"column":3}},"3":{"start":{"line":35,"column":15},"end":{"line":35,"column":40}},"4":{"start":{"line":36,"column":28},"end":{"line":36,"column":57}},"5":{"start":{"line":37,"column":42},"end":{"line":37,"column":63}},"6":{"start":{"line":38,"column":19},"end":{"line":38,"column":35}},"7":{"start":{"line":39,"column":42},"end":{"line":39,"column":75}},"8":{"start":{"line":41,"column":20},"end":{"line":43,"column":17}},"9":{"start":{"line":44,"column":42},"end":{"line":44,"column":67}},"10":{"start":{"line":45,"column":24},"end":{"line":45,"column":70}},"11":{"start":{"line":48,"column":4},"end":{"line":51,"column":5}},"12":{"start":{"line":49,"column":6},"end":{"line":49,"column":28}},"13":{"start":{"line":50,"column":6},"end":{"line":50,"column":13}},"14":{"start":{"line":52,"column":4},"end":{"line":52,"column":30}},"15":{"start":{"line":52,"column":23},"end":{"line":52,"column":30}},"16":{"start":{"line":56,"column":23},"end":{"line":56,"column":50}},"17":{"start":{"line":57,"column":26},"end":{"line":57,"column":38}},"18":{"start":{"line":58,"column":4},"end":{"line":62,"column":5}},"19":{"start":{"line":59,"column":6},"end":{"line":59,"column":28}},"20":{"start":{"line":61,"column":6},"end":{"line":61,"column":18}},"21":{"start":{"line":66,"column":4},"end":{"line":66,"column":27}},"22":{"start":{"line":67,"column":4},"end":{"line":67,"column":38}},"23":{"start":{"line":71,"column":4},"end":{"line":71,"column":35}},"24":{"start":{"line":72,"column":4},"end":{"line":72,"column":31}},"25":{"start":{"line":76,"column":4},"end":{"line":90,"column":18}},"26":{"start":{"line":82,"column":25},"end":{"line":82,"column":34}},"27":{"start":{"line":87,"column":25},"end":{"line":87,"column":39}},"28":{"start":{"line":93,"column":2},"end":{"line":171,"column":4}},"29":{"start":{"line":99,"column":22},"end":{"line":99,"column":36}},"30":{"start":{"line":132,"column":16},"end":{"line":132,"column":38}},"31":{"start":{"line":166,"column":29},"end":{"line":166,"column":39}}},"fnMap":{"0":{"name":"(anonymous_0)","decl":{"start":{"line":22,"column":24},"end":{"line":22,"column":25}},"loc":{"start":{"line":22,"column":35},"end":{"line":172,"column":1}},"line":22},"1":{"name":"confirm","decl":{"start":{"line":47,"column":11},"end":{"line":47,"column":18}},"loc":{"start":{"line":47,"column":21},"end":{"line":63,"column":3}},"line":47},"2":{"name":"onInput","decl":{"start":{"line":65,"column":11},"end":{"line":65,"column":18}},"loc":{"start":{"line":65,"column":22},"end":{"line":68,"column":3}},"line":65},"3":{"name":"handleCalendarClick","decl":{"start":{"line":70,"column":11},"end":{"line":70,"column":30}},"loc":{"start":{"line":70,"column":33},"end":{"line":73,"column":3}},"line":70},"4":{"name":"(anonymous_4)","decl":{"start":{"line":82,"column":19},"end":{"line":82,"column":20}},"loc":{"start":{"line":82,"column":25},"end":{"line":82,"column":34}},"line":82},"5":{"name":"(anonymous_5)","decl":{"start":{"line":87,"column":19},"end":{"line":87,"column":20}},"loc":{"start":{"line":87,"column":25},"end":{"line":87,"column":39}},"line":87},"6":{"name":"(anonymous_6)","decl":{"start":{"line":99,"column":16},"end":{"line":99,"column":17}},"loc":{"start":{"line":99,"column":22},"end":{"line":99,"column":36}},"line":99},"7":{"name":"(anonymous_7)","decl":{"start":{"line":131,"column":23},"end":{"line":131,"column":24}},"loc":{"start":{"line":131,"column":29},"end":{"line":133,"column":15}},"line":131},"8":{"name":"(anonymous_8)","decl":{"start":{"line":166,"column":22},"end":{"line":166,"column":23}},"loc":{"start":{"line":166,"column":29},"end":{"line":166,"column":39}},"line":166}},"branchMap":{"0":{"loc":{"start":{"line":36,"column":28},"end":{"line":36,"column":57}},"type":"cond-expr","locations":[{"start":{"line":36,"column":45},"end":{"line":36,"column":49}},{"start":{"line":36,"column":52},"end":{"line":36,"column":57}}],"line":36},"1":{"loc":{"start":{"line":41,"column":20},"end":{"line":43,"column":17}},"type":"cond-expr","locations":[{"start":{"line":42,"column":6},"end":{"line":42,"column":36}},{"start":{"line":43,"column":6},"end":{"line":43,"column":17}}],"line":41},"2":{"loc":{"start":{"line":48,"column":4},"end":{"line":51,"column":5}},"type":"if","locations":[{"start":{"line":48,"column":4},"end":{"line":51,"column":5}},{"start":{},"end":{}}],"line":48},"3":{"loc":{"start":{"line":52,"column":4},"end":{"line":52,"column":30}},"type":"if","locations":[{"start":{"line":52,"column":4},"end":{"line":52,"column":30}},{"start":{},"end":{}}],"line":52},"4":{"loc":{"start":{"line":58,"column":4},"end":{"line":62,"column":5}},"type":"if","locations":[{"start":{"line":58,"column":4},"end":{"line":62,"column":5}},{"start":{"line":60,"column":11},"end":{"line":62,"column":5}}],"line":58},"5":{"loc":{"start":{"line":79,"column":20},"end":{"line":79,"column":48}},"type":"cond-expr","locations":[{"start":{"line":79,"column":36},"end":{"line":79,"column":40}},{"start":{"line":79,"column":43},"end":{"line":79,"column":48}}],"line":79},"6":{"loc":{"start":{"line":101,"column":7},"end":{"line":107,"column":7}},"type":"binary-expr","locations":[{"start":{"line":101,"column":7},"end":{"line":101,"column":18}},{"start":{"line":102,"column":8},"end":{"line":106,"column":10}}],"line":101},"7":{"loc":{"start":{"line":110,"column":19},"end":{"line":110,"column":50}},"type":"cond-expr","locations":[{"start":{"line":110,"column":35},"end":{"line":110,"column":41}},{"start":{"line":110,"column":44},"end":{"line":110,"column":50}}],"line":110},"8":{"loc":{"start":{"line":130,"column":24},"end":{"line":130,"column":56}},"type":"binary-expr","locations":[{"start":{"line":130,"column":24},"end":{"line":130,"column":41}},{"start":{"line":130,"column":45},"end":{"line":130,"column":56}}],"line":130},"9":{"loc":{"start":{"line":138,"column":9},"end":{"line":143,"column":9}},"type":"binary-expr","locations":[{"start":{"line":138,"column":9},"end":{"line":138,"column":21}},{"start":{"line":139,"column":10},"end":{"line":142,"column":24}}],"line":138},"10":{"loc":{"start":{"line":145,"column":7},"end":{"line":153,"column":7}},"type":"binary-expr","locations":[{"start":{"line":145,"column":7},"end":{"line":145,"column":19}},{"start":{"line":146,"column":8},"end":{"line":152,"column":16}}],"line":145},"11":{"loc":{"start":{"line":164,"column":14},"end":{"line":164,"column":72}},"type":"binary-expr","locations":[{"start":{"line":164,"column":14},"end":{"line":164,"column":26}},{"start":{"line":164,"column":30},"end":{"line":164,"column":72}}],"line":164}},"s":{"0":1,"1":1,"2":0,"3":0,"4":0,"5":0,"6":0,"7":0,"8":0,"9":0,"10":0,"11":0,"12":0,"13":0,"14":0,"15":0,"16":0,"17":0,"18":0,"19":0,"20":0,"21":0,"22":0,"23":0,"24":0,"25":0,"26":0,"27":0,"28":0,"29":0,"30":0,"31":0},"f":{"0":0,"1":0,"2":0,"3":0,"4":0,"5":0,"6":0,"7":0,"8":0},"b":{"0":[0,0],"1":[0,0],"2":[0,0],"3":[0,0],"4":[0,0],"5":[0,0],"6":[0,0],"7":[0,0],"8":[0,0],"9":[0,0],"10":[0,0],"11":[0,0]},"_coverageSchema":"1a1c01bbd47fc00a2c39e90264f33305004495a9","hash":"6c33ac90b9aea2aefd0bd4b2c9adc8fdc42b7cc4"}
,"/Users/I539149/projects/webapps/LimesUI/src/components/commitment/CommitmentTable.js": {"path":"/Users/I539149/projects/webapps/LimesUI/src/components/commitment/CommitmentTable.js","statementMap":{"0":{"start":{"line":11,"column":24},"end":{"line":84,"column":1}},"1":{"start":{"line":12,"column":20},"end":{"line":12,"column":62}},"2":{"start":{"line":13,"column":15},"end":{"line":13,"column":34}},"3":{"start":{"line":14,"column":40},"end":{"line":14,"column":63}},"4":{"start":{"line":15,"column":27},"end":{"line":15,"column":50}},"5":{"start":{"line":16,"column":70},"end":{"line":18,"column":3}},"6":{"start":{"line":19,"column":30},"end":{"line":44,"column":3}},"7":{"start":{"line":46,"column":28},"end":{"line":47,"column":76}},"8":{"start":{"line":47,"column":4},"end":{"line":47,"column":76}},"9":{"start":{"line":50,"column":30},"end":{"line":58,"column":64}},"10":{"start":{"line":51,"column":25},"end":{"line":51,"column":65}},"11":{"start":{"line":52,"column":4},"end":{"line":54,"column":5}},"12":{"start":{"line":53,"column":6},"end":{"line":53,"column":26}},"13":{"start":{"line":55,"column":4},"end":{"line":55,"column":30}},"14":{"start":{"line":56,"column":4},"end":{"line":56,"column":40}},"15":{"start":{"line":57,"column":4},"end":{"line":57,"column":24}},"16":{"start":{"line":60,"column":2},"end":{"line":83,"column":4}},"17":{"start":{"line":64,"column":10},"end":{"line":66,"column":29}},"18":{"start":{"line":71,"column":8},"end":{"line":78,"column":10}}},"fnMap":{"0":{"name":"(anonymous_0)","decl":{"start":{"line":11,"column":24},"end":{"line":11,"column":25}},"loc":{"start":{"line":11,"column":35},"end":{"line":84,"column":1}},"line":11},"1":{"name":"(anonymous_1)","decl":{"start":{"line":46,"column":28},"end":{"line":46,"column":29}},"loc":{"start":{"line":47,"column":4},"end":{"line":47,"column":76}},"line":47},"2":{"name":"(anonymous_2)","decl":{"start":{"line":50,"column":44},"end":{"line":50,"column":45}},"loc":{"start":{"line":50,"column":50},"end":{"line":58,"column":3}},"line":50},"3":{"name":"(anonymous_3)","decl":{"start":{"line":63,"column":33},"end":{"line":63,"column":34}},"loc":{"start":{"line":64,"column":10},"end":{"line":66,"column":29}},"line":64},"4":{"name":"(anonymous_4)","decl":{"start":{"line":70,"column":31},"end":{"line":70,"column":32}},"loc":{"start":{"line":71,"column":8},"end":{"line":78,"column":10}},"line":71}},"branchMap":{"0":{"loc":{"start":{"line":47,"column":4},"end":{"line":47,"column":76}},"type":"binary-expr","locations":[{"start":{"line":47,"column":4},"end":{"line":47,"column":39}},{"start":{"line":47,"column":43},"end":{"line":47,"column":76}}],"line":47},"1":{"loc":{"start":{"line":52,"column":4},"end":{"line":54,"column":5}},"type":"if","locations":[{"start":{"line":52,"column":4},"end":{"line":54,"column":5}},{"start":{},"end":{}}],"line":52},"2":{"loc":{"start":{"line":60,"column":9},"end":{"line":83,"column":3}},"type":"cond-expr","locations":[{"start":{"line":61,"column":4},"end":{"line":80,"column":15}},{"start":{"line":82,"column":4},"end":{"line":82,"column":71}}],"line":60}},"s":{"0":1,"1":0,"2":0,"3":0,"4":0,"5":0,"6":0,"7":0,"8":0,"9":0,"10":0,"11":0,"12":0,"13":0,"14":0,"15":0,"16":0,"17":0,"18":0},"f":{"0":0,"1":0,"2":0,"3":0,"4":0},"b":{"0":[0,0],"1":[0,0],"2":[0,0]},"_coverageSchema":"1a1c01bbd47fc00a2c39e90264f33305004495a9","hash":"292288c55fcef5a30cee39306c4060c101121983"}
,"/Users/I539149/projects/webapps/LimesUI/src/components/commitment/CommitmentTableDetails.js": {"path":"/Users/I539149/projects/webapps/LimesUI/src/components/commitment/CommitmentTableDetails.js","statementMap":{"0":{"start":{"line":18,"column":31},"end":{"line":185,"column":1}},"1":{"start":{"line":29,"column":6},"end":{"line":29,"column":29}},"2":{"start":{"line":30,"column":20},"end":{"line":30,"column":56}},"3":{"start":{"line":31,"column":20},"end":{"line":31,"column":35}},"4":{"start":{"line":32,"column":22},"end":{"line":32,"column":39}},"5":{"start":{"line":33,"column":26},"end":{"line":33,"column":47}},"6":{"start":{"line":34,"column":20},"end":{"line":34,"column":35}},"7":{"start":{"line":36,"column":29},"end":{"line":36,"column":63}},"8":{"start":{"line":37,"column":40},"end":{"line":37,"column":63}},"9":{"start":{"line":38,"column":34},"end":{"line":38,"column":57}},"10":{"start":{"line":39,"column":28},"end":{"line":39,"column":58}},"11":{"start":{"line":40,"column":30},"end":{"line":40,"column":60}},"12":{"start":{"line":41,"column":30},"end":{"line":41,"column":60}},"13":{"start":{"line":42,"column":23},"end":{"line":42,"column":53}},"14":{"start":{"line":43,"column":48},"end":{"line":43,"column":69}},"15":{"start":{"line":44,"column":42},"end":{"line":44,"column":63}},"16":{"start":{"line":45,"column":15},"end":{"line":45,"column":33}},"17":{"start":{"line":46,"column":30},"end":{"line":46,"column":66}},"18":{"start":{"line":47,"column":19},"end":{"line":47,"column":52}},"19":{"start":{"line":50,"column":4},"end":{"line":50,"column":27}},"20":{"start":{"line":51,"column":4},"end":{"line":51,"column":30}},"21":{"start":{"line":52,"column":4},"end":{"line":52,"column":43}},"22":{"start":{"line":53,"column":4},"end":{"line":53,"column":27}},"23":{"start":{"line":54,"column":4},"end":{"line":54,"column":19}},"24":{"start":{"line":58,"column":4},"end":{"line":58,"column":27}},"25":{"start":{"line":59,"column":4},"end":{"line":59,"column":19}},"26":{"start":{"line":60,"column":4},"end":{"line":60,"column":38}},"27":{"start":{"line":64,"column":4},"end":{"line":64,"column":30}},"28":{"start":{"line":65,"column":4},"end":{"line":68,"column":7}},"29":{"start":{"line":72,"column":24},"end":{"line":72,"column":52}},"30":{"start":{"line":73,"column":4},"end":{"line":77,"column":5}},"31":{"start":{"line":74,"column":6},"end":{"line":74,"column":28}},"32":{"start":{"line":75,"column":6},"end":{"line":75,"column":34}},"33":{"start":{"line":76,"column":6},"end":{"line":76,"column":13}},"34":{"start":{"line":79,"column":4},"end":{"line":82,"column":5}},"35":{"start":{"line":80,"column":6},"end":{"line":80,"column":31}},"36":{"start":{"line":81,"column":6},"end":{"line":81,"column":13}},"37":{"start":{"line":85,"column":4},"end":{"line":91,"column":7}},"38":{"start":{"line":92,"column":4},"end":{"line":92,"column":26}},"39":{"start":{"line":95,"column":2},"end":{"line":184,"column":4}},"40":{"start":{"line":104,"column":29},"end":{"line":104,"column":43}},"41":{"start":{"line":115,"column":29},"end":{"line":115,"column":44}},"42":{"start":{"line":118,"column":14},"end":{"line":118,"column":68}},"43":{"start":{"line":166,"column":29},"end":{"line":166,"column":41}},"44":{"start":{"line":173,"column":35},"end":{"line":173,"column":48}}},"fnMap":{"0":{"name":"(anonymous_0)","decl":{"start":{"line":18,"column":31},"end":{"line":18,"column":32}},"loc":{"start":{"line":18,"column":42},"end":{"line":185,"column":1}},"line":18},"1":{"name":"stopEditing","decl":{"start":{"line":49,"column":11},"end":{"line":49,"column":22}},"loc":{"start":{"line":49,"column":25},"end":{"line":55,"column":3}},"line":49},"2":{"name":"handleInput","decl":{"start":{"line":57,"column":11},"end":{"line":57,"column":22}},"loc":{"start":{"line":57,"column":26},"end":{"line":61,"column":3}},"line":57},"3":{"name":"handleSelect","decl":{"start":{"line":63,"column":11},"end":{"line":63,"column":23}},"loc":{"start":{"line":63,"column":31},"end":{"line":69,"column":3}},"line":63},"4":{"name":"handleSave","decl":{"start":{"line":71,"column":11},"end":{"line":71,"column":21}},"loc":{"start":{"line":71,"column":24},"end":{"line":93,"column":3}},"line":71},"5":{"name":"(anonymous_5)","decl":{"start":{"line":104,"column":22},"end":{"line":104,"column":23}},"loc":{"start":{"line":104,"column":29},"end":{"line":104,"column":43}},"line":104},"6":{"name":"(anonymous_6)","decl":{"start":{"line":115,"column":22},"end":{"line":115,"column":23}},"loc":{"start":{"line":115,"column":29},"end":{"line":115,"column":44}},"line":115},"7":{"name":"(anonymous_7)","decl":{"start":{"line":117,"column":27},"end":{"line":117,"column":28}},"loc":{"start":{"line":118,"column":14},"end":{"line":118,"column":68}},"line":118},"8":{"name":"(anonymous_8)","decl":{"start":{"line":166,"column":23},"end":{"line":166,"column":24}},"loc":{"start":{"line":166,"column":29},"end":{"line":166,"column":41}},"line":166},"9":{"name":"(anonymous_9)","decl":{"start":{"line":173,"column":29},"end":{"line":173,"column":30}},"loc":{"start":{"line":173,"column":35},"end":{"line":173,"column":48}},"line":173}},"branchMap":{"0":{"loc":{"start":{"line":30,"column":20},"end":{"line":30,"column":56}},"type":"cond-expr","locations":[{"start":{"line":30,"column":33},"end":{"line":30,"column":43}},{"start":{"line":30,"column":46},"end":{"line":30,"column":56}}],"line":30},"1":{"loc":{"start":{"line":36,"column":29},"end":{"line":36,"column":63}},"type":"cond-expr","locations":[{"start":{"line":36,"column":51},"end":{"line":36,"column":55}},{"start":{"line":36,"column":58},"end":{"line":36,"column":63}}],"line":36},"2":{"loc":{"start":{"line":73,"column":4},"end":{"line":77,"column":5}},"type":"if","locations":[{"start":{"line":73,"column":4},"end":{"line":77,"column":5}},{"start":{},"end":{}}],"line":73},"3":{"loc":{"start":{"line":79,"column":4},"end":{"line":82,"column":5}},"type":"if","locations":[{"start":{"line":79,"column":4},"end":{"line":82,"column":5}},{"start":{},"end":{}}],"line":79},"4":{"loc":{"start":{"line":98,"column":9},"end":{"line":108,"column":9}},"type":"cond-expr","locations":[{"start":{"line":99,"column":10},"end":{"line":105,"column":12}},{"start":{"line":107,"column":10},"end":{"line":107,"column":37}}],"line":98},"5":{"loc":{"start":{"line":111,"column":9},"end":{"line":123,"column":9}},"type":"cond-expr","locations":[{"start":{"line":112,"column":10},"end":{"line":120,"column":19}},{"start":{"line":122,"column":10},"end":{"line":122,"column":18}}],"line":111},"6":{"loc":{"start":{"line":128,"column":12},"end":{"line":129,"column":54}},"type":"binary-expr","locations":[{"start":{"line":128,"column":12},"end":{"line":128,"column":43}},{"start":{"line":129,"column":13},"end":{"line":129,"column":53}}],"line":128},"7":{"loc":{"start":{"line":129,"column":13},"end":{"line":129,"column":53}},"type":"cond-expr","locations":[{"start":{"line":129,"column":35},"end":{"line":129,"column":48}},{"start":{"line":129,"column":51},"end":{"line":129,"column":53}}],"line":129},"8":{"loc":{"start":{"line":137,"column":15},"end":{"line":144,"column":15}},"type":"binary-expr","locations":[{"start":{"line":137,"column":15},"end":{"line":137,"column":27}},{"start":{"line":138,"column":16},"end":{"line":143,"column":19}}],"line":137},"9":{"loc":{"start":{"line":162,"column":9},"end":{"line":181,"column":9}},"type":"cond-expr","locations":[{"start":{"line":163,"column":10},"end":{"line":176,"column":18}},{"start":{"line":177,"column":12},"end":{"line":181,"column":9}}],"line":162},"10":{"loc":{"start":{"line":177,"column":12},"end":{"line":181,"column":9}},"type":"cond-expr","locations":[{"start":{"line":178,"column":10},"end":{"line":178,"column":21}},{"start":{"line":180,"column":10},"end":{"line":180,"column":19}}],"line":177}},"s":{"0":2,"1":8,"2":7,"3":7,"4":7,"5":7,"6":7,"7":7,"8":7,"9":7,"10":7,"11":7,"12":7,"13":7,"14":7,"15":7,"16":7,"17":7,"18":7,"19":1,"20":1,"21":1,"22":1,"23":1,"24":1,"25":1,"26":1,"27":1,"28":1,"29":0,"30":0,"31":0,"32":0,"33":0,"34":0,"35":0,"36":0,"37":0,"38":0,"39":7,"40":1,"41":1,"42":21,"43":0,"44":1},"f":{"0":8,"1":1,"2":1,"3":1,"4":0,"5":1,"6":1,"7":21,"8":0,"9":1},"b":{"0":[0,7],"1":[7,0],"2":[0,0],"3":[0,0],"4":[7,0],"5":[7,0],"6":[7,6],"7":[0,6],"8":[7,1],"9":[7,0],"10":[0,0]},"_coverageSchema":"1a1c01bbd47fc00a2c39e90264f33305004495a9","hash":"2f5107c6d6016e16677923a29056f1729b7a4403"}
,"/Users/I539149/projects/webapps/LimesUI/src/components/commitment/CommitmentTooltip.js": {"path":"/Users/I539149/projects/webapps/LimesUI/src/components/commitment/CommitmentTooltip.js","statementMap":{"0":{"start":{"line":4,"column":26},"end":{"line":17,"column":1}},"1":{"start":{"line":5,"column":42},"end":{"line":5,"column":54}},"2":{"start":{"line":7,"column":2},"end":{"line":16,"column":4}}},"fnMap":{"0":{"name":"(anonymous_0)","decl":{"start":{"line":4,"column":26},"end":{"line":4,"column":27}},"loc":{"start":{"line":4,"column":37},"end":{"line":17,"column":1}},"line":4}},"branchMap":{"0":{"loc":{"start":{"line":8,"column":4},"end":{"line":15,"column":5}},"type":"binary-expr","locations":[{"start":{"line":8,"column":4},"end":{"line":8,"column":15}},{"start":{"line":9,"column":6},"end":{"line":14,"column":16}}],"line":8}},"s":{"0":2,"1":21,"2":21},"f":{"0":21},"b":{"0":[21,1]},"_coverageSchema":"1a1c01bbd47fc00a2c39e90264f33305004495a9","hash":"61643cc297591477fe23a23b0382c4a58e527563"}
,"/Users/I539149/projects/webapps/LimesUI/src/components/project/AvailabilityZoneNav.js": {"path":"/Users/I539149/projects/webapps/LimesUI/src/components/project/AvailabilityZoneNav.js","statementMap":{"0":{"start":{"line":5,"column":28},"end":{"line":36,"column":1}},"1":{"start":{"line":6,"column":18},"end":{"line":6,"column":71}},"2":{"start":{"line":6,"column":45},"end":{"line":6,"column":70}},"3":{"start":{"line":7,"column":26},"end":{"line":7,"column":46}},"4":{"start":{"line":9,"column":2},"end":{"line":35,"column":4}},"5":{"start":{"line":15,"column":14},"end":{"line":25,"column":15}},"6":{"start":{"line":20,"column":20},"end":{"line":20,"column":40}},"7":{"start":{"line":30,"column":12},"end":{"line":31,"column":64}}},"fnMap":{"0":{"name":"(anonymous_0)","decl":{"start":{"line":5,"column":28},"end":{"line":5,"column":29}},"loc":{"start":{"line":5,"column":39},"end":{"line":36,"column":1}},"line":5},"1":{"name":"(anonymous_1)","decl":{"start":{"line":6,"column":37},"end":{"line":6,"column":38}},"loc":{"start":{"line":6,"column":45},"end":{"line":6,"column":70}},"line":6},"2":{"name":"(anonymous_2)","decl":{"start":{"line":11,"column":46},"end":{"line":11,"column":47}},"loc":{"start":{"line":11,"column":52},"end":{"line":11,"column":54}},"line":11},"3":{"name":"(anonymous_3)","decl":{"start":{"line":14,"column":12},"end":{"line":14,"column":13}},"loc":{"start":{"line":15,"column":14},"end":{"line":25,"column":15}},"line":15},"4":{"name":"(anonymous_4)","decl":{"start":{"line":19,"column":27},"end":{"line":19,"column":28}},"loc":{"start":{"line":19,"column":33},"end":{"line":21,"column":19}},"line":19},"5":{"name":"(anonymous_5)","decl":{"start":{"line":29,"column":10},"end":{"line":29,"column":11}},"loc":{"start":{"line":30,"column":12},"end":{"line":31,"column":64}},"line":30}},"branchMap":{"0":{"loc":{"start":{"line":15,"column":14},"end":{"line":25,"column":15}},"type":"binary-expr","locations":[{"start":{"line":15,"column":14},"end":{"line":15,"column":33}},{"start":{"line":16,"column":14},"end":{"line":16,"column":29}},{"start":{"line":17,"column":16},"end":{"line":24,"column":22}}],"line":15},"1":{"loc":{"start":{"line":30,"column":12},"end":{"line":31,"column":64}},"type":"binary-expr","locations":[{"start":{"line":30,"column":12},"end":{"line":30,"column":31}},{"start":{"line":31,"column":12},"end":{"line":31,"column":27}},{"start":{"line":31,"column":31},"end":{"line":31,"column":64}}],"line":30}},"s":{"0":1,"1":0,"2":0,"3":0,"4":0,"5":0,"6":0,"7":0},"f":{"0":0,"1":0,"2":0,"3":0,"4":0,"5":0},"b":{"0":[0,0,0],"1":[0,0,0]},"_coverageSchema":"1a1c01bbd47fc00a2c39e90264f33305004495a9","hash":"77eee157b57f63cc142bee8121ace256364748e7"}
,"/Users/I539149/projects/webapps/LimesUI/src/components/project/EditPanel.js": {"path":"/Users/I539149/projects/webapps/LimesUI/src/components/project/EditPanel.js","statementMap":{"0":{"start":{"line":17,"column":18},"end":{"line":158,"column":1}},"1":{"start":{"line":18,"column":43},"end":{"line":18,"column":55}},"2":{"start":{"line":19,"column":25},"end":{"line":19,"column":75}},"3":{"start":{"line":20,"column":38},"end":{"line":20,"column":58}},"4":{"start":{"line":21,"column":26},"end":{"line":21,"column":38}},"5":{"start":{"line":22,"column":35},"end":{"line":22,"column":54}},"6":{"start":{"line":23,"column":28},"end":{"line":23,"column":47}},"7":{"start":{"line":24,"column":17},"end":{"line":24,"column":64}},"8":{"start":{"line":25,"column":18},"end":{"line":25,"column":62}},"9":{"start":{"line":26,"column":40},"end":{"line":26,"column":63}},"10":{"start":{"line":27,"column":20},"end":{"line":27,"column":43}},"11":{"start":{"line":28,"column":27},"end":{"line":28,"column":50}},"12":{"start":{"line":29,"column":24},"end":{"line":29,"column":47}},"13":{"start":{"line":30,"column":28},"end":{"line":30,"column":58}},"14":{"start":{"line":31,"column":37},"end":{"line":31,"column":67}},"15":{"start":{"line":32,"column":30},"end":{"line":32,"column":60}},"16":{"start":{"line":33,"column":30},"end":{"line":33,"column":60}},"17":{"start":{"line":34,"column":23},"end":{"line":34,"column":53}},"18":{"start":{"line":35,"column":27},"end":{"line":35,"column":57}},"19":{"start":{"line":37,"column":2},"end":{"line":42,"column":9}},"20":{"start":{"line":38,"column":4},"end":{"line":40,"column":5}},"21":{"start":{"line":39,"column":6},"end":{"line":39,"column":49}},"22":{"start":{"line":41,"column":4},"end":{"line":41,"column":36}},"23":{"start":{"line":41,"column":17},"end":{"line":41,"column":35}},"24":{"start":{"line":46,"column":2},"end":{"line":73,"column":21}},"25":{"start":{"line":47,"column":4},"end":{"line":47,"column":30}},"26":{"start":{"line":47,"column":23},"end":{"line":47,"column":30}},"27":{"start":{"line":48,"column":4},"end":{"line":51,"column":5}},"28":{"start":{"line":49,"column":6},"end":{"line":49,"column":26}},"29":{"start":{"line":50,"column":6},"end":{"line":50,"column":13}},"30":{"start":{"line":52,"column":4},"end":{"line":52,"column":33}},"31":{"start":{"line":53,"column":20},"end":{"line":53,"column":48}},"32":{"start":{"line":54,"column":4},"end":{"line":72,"column":6}},"33":{"start":{"line":62,"column":10},"end":{"line":62,"column":37}},"34":{"start":{"line":63,"column":10},"end":{"line":63,"column":40}},"35":{"start":{"line":66,"column":10},"end":{"line":66,"column":40}},"36":{"start":{"line":67,"column":10},"end":{"line":67,"column":58}},"37":{"start":{"line":69,"column":10},"end":{"line":69,"column":33}},"38":{"start":{"line":76,"column":4},"end":{"line":76,"column":33}},"39":{"start":{"line":77,"column":20},"end":{"line":79,"column":36}},"40":{"start":{"line":80,"column":4},"end":{"line":97,"column":6}},"41":{"start":{"line":88,"column":10},"end":{"line":88,"column":37}},"42":{"start":{"line":89,"column":10},"end":{"line":89,"column":40}},"43":{"start":{"line":90,"column":10},"end":{"line":90,"column":41}},"44":{"start":{"line":93,"column":10},"end":{"line":93,"column":40}},"45":{"start":{"line":94,"column":10},"end":{"line":94,"column":64}},"46":{"start":{"line":98,"column":4},"end":{"line":98,"column":43}},"47":{"start":{"line":99,"column":4},"end":{"line":99,"column":27}},"48":{"start":{"line":100,"column":4},"end":{"line":100,"column":27}},"49":{"start":{"line":104,"column":4},"end":{"line":104,"column":27}},"50":{"start":{"line":105,"column":4},"end":{"line":105,"column":25}},"51":{"start":{"line":106,"column":4},"end":{"line":111,"column":7}},"52":{"start":{"line":115,"column":4},"end":{"line":115,"column":19}},"53":{"start":{"line":118,"column":2},"end":{"line":157,"column":4}},"54":{"start":{"line":132,"column":27},"end":{"line":132,"column":41}}},"fnMap":{"0":{"name":"(anonymous_0)","decl":{"start":{"line":17,"column":18},"end":{"line":17,"column":19}},"loc":{"start":{"line":17,"column":29},"end":{"line":158,"column":1}},"line":17},"1":{"name":"(anonymous_1)","decl":{"start":{"line":37,"column":18},"end":{"line":37,"column":19}},"loc":{"start":{"line":37,"column":24},"end":{"line":42,"column":3}},"line":37},"2":{"name":"(anonymous_2)","decl":{"start":{"line":41,"column":11},"end":{"line":41,"column":12}},"loc":{"start":{"line":41,"column":17},"end":{"line":41,"column":35}},"line":41},"3":{"name":"(anonymous_3)","decl":{"start":{"line":46,"column":18},"end":{"line":46,"column":19}},"loc":{"start":{"line":46,"column":24},"end":{"line":73,"column":3}},"line":46},"4":{"name":"(anonymous_4)","decl":{"start":{"line":61,"column":19},"end":{"line":61,"column":20}},"loc":{"start":{"line":61,"column":29},"end":{"line":64,"column":9}},"line":61},"5":{"name":"(anonymous_5)","decl":{"start":{"line":65,"column":17},"end":{"line":65,"column":18}},"loc":{"start":{"line":65,"column":23},"end":{"line":70,"column":9}},"line":65},"6":{"name":"postCommitment","decl":{"start":{"line":75,"column":11},"end":{"line":75,"column":25}},"loc":{"start":{"line":75,"column":45},"end":{"line":101,"column":3}},"line":75},"7":{"name":"(anonymous_7)","decl":{"start":{"line":87,"column":19},"end":{"line":87,"column":20}},"loc":{"start":{"line":87,"column":29},"end":{"line":91,"column":9}},"line":87},"8":{"name":"(anonymous_8)","decl":{"start":{"line":92,"column":17},"end":{"line":92,"column":18}},"loc":{"start":{"line":92,"column":23},"end":{"line":95,"column":9}},"line":92},"9":{"name":"onPostModalClose","decl":{"start":{"line":103,"column":11},"end":{"line":103,"column":27}},"loc":{"start":{"line":103,"column":30},"end":{"line":112,"column":3}},"line":103},"10":{"name":"dismissToast","decl":{"start":{"line":114,"column":11},"end":{"line":114,"column":23}},"loc":{"start":{"line":114,"column":26},"end":{"line":116,"column":3}},"line":114},"11":{"name":"(anonymous_11)","decl":{"start":{"line":132,"column":21},"end":{"line":132,"column":22}},"loc":{"start":{"line":132,"column":27},"end":{"line":132,"column":41}},"line":132}},"branchMap":{"0":{"loc":{"start":{"line":38,"column":4},"end":{"line":40,"column":5}},"type":"if","locations":[{"start":{"line":38,"column":4},"end":{"line":40,"column":5}},{"start":{},"end":{}}],"line":38},"1":{"loc":{"start":{"line":47,"column":4},"end":{"line":47,"column":30}},"type":"if","locations":[{"start":{"line":47,"column":4},"end":{"line":47,"column":30}},{"start":{},"end":{}}],"line":47},"2":{"loc":{"start":{"line":48,"column":4},"end":{"line":51,"column":5}},"type":"if","locations":[{"start":{"line":48,"column":4},"end":{"line":51,"column":5}},{"start":{},"end":{}}],"line":48},"3":{"loc":{"start":{"line":75,"column":26},"end":{"line":75,"column":43}},"type":"default-arg","locations":[{"start":{"line":75,"column":39},"end":{"line":75,"column":43}}],"line":75},"4":{"loc":{"start":{"line":77,"column":20},"end":{"line":79,"column":36}},"type":"cond-expr","locations":[{"start":{"line":78,"column":8},"end":{"line":78,"column":60}},{"start":{"line":79,"column":8},"end":{"line":79,"column":36}}],"line":77},"5":{"loc":{"start":{"line":127,"column":7},"end":{"line":134,"column":7}},"type":"binary-expr","locations":[{"start":{"line":127,"column":7},"end":{"line":127,"column":20}},{"start":{"line":128,"column":8},"end":{"line":133,"column":10}}],"line":127},"6":{"loc":{"start":{"line":135,"column":7},"end":{"line":143,"column":7}},"type":"binary-expr","locations":[{"start":{"line":135,"column":7},"end":{"line":135,"column":18}},{"start":{"line":136,"column":8},"end":{"line":142,"column":10}}],"line":135},"7":{"loc":{"start":{"line":144,"column":7},"end":{"line":155,"column":7}},"type":"binary-expr","locations":[{"start":{"line":144,"column":7},"end":{"line":144,"column":19}},{"start":{"line":144,"column":23},"end":{"line":144,"column":41}},{"start":{"line":145,"column":8},"end":{"line":154,"column":10}}],"line":144}},"s":{"0":1,"1":0,"2":0,"3":0,"4":0,"5":0,"6":0,"7":0,"8":0,"9":0,"10":0,"11":0,"12":0,"13":0,"14":0,"15":0,"16":0,"17":0,"18":0,"19":0,"20":0,"21":0,"22":0,"23":0,"24":0,"25":0,"26":0,"27":0,"28":0,"29":0,"30":0,"31":0,"32":0,"33":0,"34":0,"35":0,"36":0,"37":0,"38":0,"39":0,"40":0,"41":0,"42":0,"43":0,"44":0,"45":0,"46":0,"47":0,"48":0,"49":0,"50":0,"51":0,"52":0,"53":0,"54":0},"f":{"0":0,"1":0,"2":0,"3":0,"4":0,"5":0,"6":0,"7":0,"8":0,"9":0,"10":0,"11":0},"b":{"0":[0,0],"1":[0,0],"2":[0,0],"3":[0],"4":[0,0],"5":[0,0],"6":[0,0],"7":[0,0,0]},"_coverageSchema":"1a1c01bbd47fc00a2c39e90264f33305004495a9","hash":"81d650746ec705ab80e5067a20c74b8046e6548a"}
,"/Users/I539149/projects/webapps/LimesUI/src/components/project/PanelManager.js": {"path":"/Users/I539149/projects/webapps/LimesUI/src/components/project/PanelManager.js","statementMap":{"0":{"start":{"line":13,"column":21},"end":{"line":62,"column":1}},"1":{"start":{"line":14,"column":24},"end":{"line":14,"column":47}},"2":{"start":{"line":15,"column":27},"end":{"line":15,"column":57}},"3":{"start":{"line":16,"column":28},"end":{"line":16,"column":58}},"4":{"start":{"line":17,"column":23},"end":{"line":17,"column":53}},"5":{"start":{"line":18,"column":30},"end":{"line":18,"column":60}},"6":{"start":{"line":19,"column":19},"end":{"line":19,"column":32}},"7":{"start":{"line":20,"column":17},"end":{"line":20,"column":28}},"8":{"start":{"line":21,"column":54},"end":{"line":21,"column":67}},"9":{"start":{"line":22,"column":26},"end":{"line":28,"column":3}},"10":{"start":{"line":24,"column":6},"end":{"line":26,"column":7}},"11":{"start":{"line":25,"column":8},"end":{"line":25,"column":19}},"12":{"start":{"line":30,"column":2},"end":{"line":34,"column":9}},"13":{"start":{"line":31,"column":4},"end":{"line":33,"column":5}},"14":{"start":{"line":32,"column":6},"end":{"line":32,"column":25}},"15":{"start":{"line":37,"column":4},"end":{"line":37,"column":43}},"16":{"start":{"line":38,"column":4},"end":{"line":38,"column":19}},"17":{"start":{"line":39,"column":4},"end":{"line":39,"column":24}},"18":{"start":{"line":40,"column":4},"end":{"line":40,"column":27}},"19":{"start":{"line":41,"column":4},"end":{"line":41,"column":32}},"20":{"start":{"line":45,"column":2},"end":{"line":61,"column":4}},"21":{"start":{"line":50,"column":23},"end":{"line":50,"column":37}}},"fnMap":{"0":{"name":"(anonymous_0)","decl":{"start":{"line":13,"column":21},"end":{"line":13,"column":22}},"loc":{"start":{"line":13,"column":32},"end":{"line":62,"column":1}},"line":13},"1":{"name":"(anonymous_1)","decl":{"start":{"line":23,"column":4},"end":{"line":23,"column":5}},"loc":{"start":{"line":23,"column":13},"end":{"line":27,"column":5}},"line":23},"2":{"name":"(anonymous_2)","decl":{"start":{"line":30,"column":18},"end":{"line":30,"column":19}},"loc":{"start":{"line":30,"column":24},"end":{"line":34,"column":3}},"line":30},"3":{"name":"onPanelClose","decl":{"start":{"line":36,"column":11},"end":{"line":36,"column":23}},"loc":{"start":{"line":36,"column":26},"end":{"line":42,"column":3}},"line":36},"4":{"name":"(anonymous_4)","decl":{"start":{"line":50,"column":17},"end":{"line":50,"column":18}},"loc":{"start":{"line":50,"column":23},"end":{"line":50,"column":37}},"line":50}},"branchMap":{"0":{"loc":{"start":{"line":24,"column":6},"end":{"line":26,"column":7}},"type":"if","locations":[{"start":{"line":24,"column":6},"end":{"line":26,"column":7}},{"start":{},"end":{}}],"line":24},"1":{"loc":{"start":{"line":31,"column":4},"end":{"line":33,"column":5}},"type":"if","locations":[{"start":{"line":31,"column":4},"end":{"line":33,"column":5}},{"start":{},"end":{}}],"line":31},"2":{"loc":{"start":{"line":46,"column":4},"end":{"line":60,"column":5}},"type":"binary-expr","locations":[{"start":{"line":46,"column":4},"end":{"line":46,"column":49}},{"start":{"line":47,"column":6},"end":{"line":59,"column":14}}],"line":46}},"s":{"0":1,"1":0,"2":0,"3":0,"4":0,"5":0,"6":0,"7":0,"8":0,"9":0,"10":0,"11":0,"12":0,"13":0,"14":0,"15":0,"16":0,"17":0,"18":0,"19":0,"20":0,"21":0},"f":{"0":0,"1":0,"2":0,"3":0,"4":0},"b":{"0":[0,0],"1":[0,0],"2":[0,0]},"_coverageSchema":"1a1c01bbd47fc00a2c39e90264f33305004495a9","hash":"353c686c4017fe9b6c41826d7981ea3bd881e50c"}
,"/Users/I539149/projects/webapps/LimesUI/src/components/project/ProjectResource.js": {"path":"/Users/I539149/projects/webapps/LimesUI/src/components/project/ProjectResource.js","statementMap":{"0":{"start":{"line":12,"column":26},"end":{"line":22,"column":1}},"1":{"start":{"line":23,"column":18},"end":{"line":27,"column":1}},"2":{"start":{"line":28,"column":17},"end":{"line":32,"column":1}},"3":{"start":{"line":33,"column":16},"end":{"line":39,"column":1}},"4":{"start":{"line":40,"column":22},"end":{"line":41,"column":5}},"5":{"start":{"line":43,"column":18},"end":{"line":48,"column":5}},"6":{"start":{"line":49,"column":23},"end":{"line":54,"column":5}},"7":{"start":{"line":56,"column":23},"end":{"line":61,"column":5}},"8":{"start":{"line":63,"column":24},"end":{"line":190,"column":1}},"9":{"start":{"line":71,"column":6},"end":{"line":71,"column":20}},"10":{"start":{"line":73,"column":4},"end":{"line":73,"column":70}},"11":{"start":{"line":74,"column":23},"end":{"line":76,"column":11}},"12":{"start":{"line":77,"column":22},"end":{"line":77,"column":44}},"13":{"start":{"line":78,"column":55},"end":{"line":78,"column":67}},"14":{"start":{"line":79,"column":19},"end":{"line":79,"column":73}},"15":{"start":{"line":80,"column":26},"end":{"line":80,"column":46}},"16":{"start":{"line":81,"column":27},"end":{"line":81,"column":50}},"17":{"start":{"line":82,"column":30},"end":{"line":82,"column":60}},"18":{"start":{"line":85,"column":24},"end":{"line":85,"column":25}},"19":{"start":{"line":86,"column":24},"end":{"line":86,"column":60}},"20":{"start":{"line":87,"column":4},"end":{"line":89,"column":7}},"21":{"start":{"line":88,"column":6},"end":{"line":88,"column":39}},"22":{"start":{"line":90,"column":4},"end":{"line":90,"column":25}},"23":{"start":{"line":94,"column":31},"end":{"line":103,"column":25}},"24":{"start":{"line":95,"column":29},"end":{"line":95,"column":30}},"25":{"start":{"line":96,"column":4},"end":{"line":101,"column":7}},"26":{"start":{"line":97,"column":26},"end":{"line":97,"column":62}},"27":{"start":{"line":98,"column":6},"end":{"line":100,"column":9}},"28":{"start":{"line":99,"column":8},"end":{"line":99,"column":46}},"29":{"start":{"line":102,"column":4},"end":{"line":102,"column":30}},"30":{"start":{"line":105,"column":2},"end":{"line":189,"column":4}},"31":{"start":{"line":132,"column":27},"end":{"line":132,"column":48}},"32":{"start":{"line":158,"column":12},"end":{"line":185,"column":13}},"33":{"start":{"line":169,"column":18},"end":{"line":169,"column":38}}},"fnMap":{"0":{"name":"(anonymous_0)","decl":{"start":{"line":63,"column":24},"end":{"line":63,"column":25}},"loc":{"start":{"line":63,"column":35},"end":{"line":190,"column":1}},"line":63},"1":{"name":"azCommitmentSum","decl":{"start":{"line":84,"column":11},"end":{"line":84,"column":26}},"loc":{"start":{"line":84,"column":31},"end":{"line":91,"column":3}},"line":84},"2":{"name":"(anonymous_2)","decl":{"start":{"line":87,"column":24},"end":{"line":87,"column":25}},"loc":{"start":{"line":87,"column":45},"end":{"line":89,"column":5}},"line":87},"3":{"name":"(anonymous_3)","decl":{"start":{"line":94,"column":45},"end":{"line":94,"column":46}},"loc":{"start":{"line":94,"column":51},"end":{"line":103,"column":3}},"line":94},"4":{"name":"(anonymous_4)","decl":{"start":{"line":96,"column":30},"end":{"line":96,"column":31}},"loc":{"start":{"line":96,"column":38},"end":{"line":101,"column":5}},"line":96},"5":{"name":"(anonymous_5)","decl":{"start":{"line":98,"column":26},"end":{"line":98,"column":27}},"loc":{"start":{"line":98,"column":47},"end":{"line":100,"column":7}},"line":98},"6":{"name":"(anonymous_6)","decl":{"start":{"line":132,"column":21},"end":{"line":132,"column":22}},"loc":{"start":{"line":132,"column":27},"end":{"line":132,"column":48}},"line":132},"7":{"name":"(anonymous_7)","decl":{"start":{"line":157,"column":10},"end":{"line":157,"column":11}},"loc":{"start":{"line":158,"column":12},"end":{"line":185,"column":13}},"line":158},"8":{"name":"(anonymous_8)","decl":{"start":{"line":168,"column":25},"end":{"line":168,"column":26}},"loc":{"start":{"line":168,"column":31},"end":{"line":170,"column":17}},"line":168}},"branchMap":{"0":{"loc":{"start":{"line":73,"column":4},"end":{"line":73,"column":70}},"type":"cond-expr","locations":[{"start":{"line":73,"column":58},"end":{"line":73,"column":62}},{"start":{"line":73,"column":65},"end":{"line":73,"column":70}}],"line":73},"1":{"loc":{"start":{"line":73,"column":16},"end":{"line":73,"column":43}},"type":"binary-expr","locations":[{"start":{"line":73,"column":16},"end":{"line":73,"column":37}},{"start":{"line":73,"column":41},"end":{"line":73,"column":43}}],"line":73},"2":{"loc":{"start":{"line":74,"column":23},"end":{"line":76,"column":11}},"type":"cond-expr","locations":[{"start":{"line":75,"column":6},"end":{"line":75,"column":10}},{"start":{"line":76,"column":6},"end":{"line":76,"column":11}}],"line":74},"3":{"loc":{"start":{"line":79,"column":19},"end":{"line":79,"column":73}},"type":"binary-expr","locations":[{"start":{"line":79,"column":19},"end":{"line":79,"column":32}},{"start":{"line":79,"column":36},"end":{"line":79,"column":47}},{"start":{"line":79,"column":51},"end":{"line":79,"column":63}},{"start":{"line":79,"column":67},"end":{"line":79,"column":73}}],"line":79},"4":{"loc":{"start":{"line":86,"column":38},"end":{"line":86,"column":59}},"type":"binary-expr","locations":[{"start":{"line":86,"column":38},"end":{"line":86,"column":53}},{"start":{"line":86,"column":57},"end":{"line":86,"column":59}}],"line":86},"5":{"loc":{"start":{"line":97,"column":40},"end":{"line":97,"column":61}},"type":"binary-expr","locations":[{"start":{"line":97,"column":40},"end":{"line":97,"column":55}},{"start":{"lin
[...]
,"/Users/I539149/projects/webapps/LimesUI/src/lib/store/apiStore.js": {"path":"/Users/I539149/projects/webapps/LimesUI/src/lib/store/apiStore.js","statementMap":{"0":{"start":{"line":1,"column":17},"end":{"line":30,"column":2}},"1":{"start":{"line":1,"column":27},"end":{"line":30,"column":1}},"2":{"start":{"line":12,"column":8},"end":{"line":12,"column":73}},"3":{"start":{"line":12,"column":24},"end":{"line":12,"column":71}},"4":{"start":{"line":14,"column":8},"end":{"line":19,"column":11}},"5":{"start":{"line":14,"column":24},"end":{"line":19,"column":9}},"6":{"start":{"line":21,"column":8},"end":{"line":26,"column":12}},"7":{"start":{"line":21,"column":24},"end":{"line":26,"column":9}}},"fnMap":{"0":{"name":"(anonymous_0)","decl":{"start":{"line":1,"column":17},"end":{"line":1,"column":18}},"loc":{"start":{"line":1,"column":27},"end":{"line":30,"column":1}},"line":1},"1":{"name":"(anonymous_1)","decl":{"start":{"line":11,"column":20},"end":{"line":11,"column":21}},"loc":{"start":{"line":12,"column":8},"end":{"line":12,"column":73}},"line":12},"2":{"name":"(anonymous_2)","decl":{"start":{"line":12,"column":12},"end":{"line":12,"column":13}},"loc":{"start":{"line":12,"column":24},"end":{"line":12,"column":71}},"line":12},"3":{"name":"(anonymous_3)","decl":{"start":{"line":13,"column":16},"end":{"line":13,"column":17}},"loc":{"start":{"line":14,"column":8},"end":{"line":19,"column":11}},"line":14},"4":{"name":"(anonymous_4)","decl":{"start":{"line":14,"column":12},"end":{"line":14,"column":13}},"loc":{"start":{"line":14,"column":24},"end":{"line":19,"column":9}},"line":14},"5":{"name":"(anonymous_5)","decl":{"start":{"line":20,"column":19},"end":{"line":20,"column":20}},"loc":{"start":{"line":20,"column":32},"end":{"line":27,"column":7}},"line":20},"6":{"name":"(anonymous_6)","decl":{"start":{"line":21,"column":12},"end":{"line":21,"column":13}},"loc":{"start":{"line":21,"column":24},"end":{"line":26,"column":9}},"line":21}},"branchMap":{},"s":{"0":5,"1":11,"2":1,"3":1,"4":2,"5":2,"6":1,"7":1},"f":{"0":11,"1":1,"2":1,"3":2,"4":2,"5":1,"6":1},"b":{},"_coverageSchema":"1a1c01bbd47fc00a2c39e90264f33305004495a9","hash":"4e48b6bb1bd36f6b4bf3924bc81fa51d39956e2b"}
,"/Users/I539149/projects/webapps/LimesUI/src/lib/store/createCommitmentStore.js": {"path":"/Users/I539149/projects/webapps/LimesUI/src/lib/store/createCommitmentStore.js","statementMap":{"0":{"start":{"line":3,"column":30},"end":{"line":71,"column":2}},"1":{"start":{"line":3,"column":40},"end":{"line":71,"column":1}},"2":{"start":{"line":20,"column":8},"end":{"line":25,"column":11}},"3":{"start":{"line":20,"column":24},"end":{"line":25,"column":9}},"4":{"start":{"line":27,"column":8},"end":{"line":32,"column":11}},"5":{"start":{"line":27,"column":24},"end":{"line":32,"column":9}},"6":{"start":{"line":34,"column":8},"end":{"line":36,"column":11}},"7":{"start":{"line":34,"column":24},"end":{"line":36,"column":9}},"8":{"start":{"line":38,"column":8},"end":{"line":43,"column":11}},"9":{"start":{"line":38,"column":24},"end":{"line":43,"column":9}},"10":{"start":{"line":45,"column":8},"end":{"line":50,"column":11}},"11":{"start":{"line":45,"column":24},"end":{"line":50,"column":9}},"12":{"start":{"line":52,"column":8},"end":{"line":57,"column":11}},"13":{"start":{"line":52,"column":24},"end":{"line":57,"column":9}},"14":{"start":{"line":59,"column":8},"end":{"line":68,"column":10}},"15":{"start":{"line":60,"column":10},"end":{"line":60,"column":59}},"16":{"start":{"line":60,"column":39},"end":{"line":60,"column":59}},"17":{"start":{"line":61,"column":10},"end":{"line":67,"column":12}}},"fnMap":{"0":{"name":"(anonymous_0)","decl":{"start":{"line":3,"column":30},"end":{"line":3,"column":31}},"loc":{"start":{"line":3,"column":40},"end":{"line":71,"column":1}},"line":3},"1":{"name":"(anonymous_1)","decl":{"start":{"line":19,"column":21},"end":{"line":19,"column":22}},"loc":{"start":{"line":20,"column":8},"end":{"line":25,"column":11}},"line":20},"2":{"name":"(anonymous_2)","decl":{"start":{"line":20,"column":12},"end":{"line":20,"column":13}},"loc":{"start":{"line":20,"column":24},"end":{"line":25,"column":9}},"line":20},"3":{"name":"(anonymous_3)","decl":{"start":{"line":26,"column":23},"end":{"line":26,"column":24}},"loc":{"start":{"line":27,"column":8},"end":{"line":32,"column":11}},"line":27},"4":{"name":"(anonymous_4)","decl":{"start":{"line":27,"column":12},"end":{"line":27,"column":13}},"loc":{"start":{"line":27,"column":24},"end":{"line":32,"column":9}},"line":27},"5":{"name":"(anonymous_5)","decl":{"start":{"line":33,"column":20},"end":{"line":33,"column":21}},"loc":{"start":{"line":34,"column":8},"end":{"line":36,"column":11}},"line":34},"6":{"name":"(anonymous_6)","decl":{"start":{"line":34,"column":12},"end":{"line":34,"column":13}},"loc":{"start":{"line":34,"column":24},"end":{"line":36,"column":9}},"line":34},"7":{"name":"(anonymous_7)","decl":{"start":{"line":37,"column":23},"end":{"line":37,"column":24}},"loc":{"start":{"line":38,"column":8},"end":{"line":43,"column":11}},"line":38},"8":{"name":"(anonymous_8)","decl":{"start":{"line":38,"column":12},"end":{"line":38,"column":13}},"loc":{"start":{"line":38,"column":24},"end":{"line":43,"column":9}},"line":38},"9":{"name":"(anonymous_9)","decl":{"start":{"line":44,"column":30},"end":{"line":44,"column":31}},"loc":{"start":{"line":45,"column":8},"end":{"line":50,"column":11}},"line":45},"10":{"name":"(anonymous_10)","decl":{"start":{"line":45,"column":12},"end":{"line":45,"column":13}},"loc":{"start":{"line":45,"column":24},"end":{"line":50,"column":9}},"line":45},"11":{"name":"(anonymous_11)","decl":{"start":{"line":51,"column":16},"end":{"line":51,"column":17}},"loc":{"start":{"line":52,"column":8},"end":{"line":57,"column":11}},"line":52},"12":{"name":"(anonymous_12)","decl":{"start":{"line":52,"column":12},"end":{"line":52,"column":13}},"loc":{"start":{"line":52,"column":24},"end":{"line":57,"column":9}},"line":52},"13":{"name":"(anonymous_13)","decl":{"start":{"line":58,"column":20},"end":{"line":58,"column":21}},"loc":{"start":{"line":59,"column":8},"end":{"line":68,"column":10}},"line":59},"14":{"name":"(anonymous_14)","decl":{"start":{"line":59,"column":12},"end":{"line":59,"column":13}},"loc":{"start":{"line":59,"column":23},"end":{"line":68,"column":9}},"line":59}},"branchMap":{"0":{"loc":{"start":{"line":60,"column":10},"end":{"line":60,"column":59}},"type":"if","locations":[{"start":{"line":60,"column":10},"end":{"line":60,"column":59}},{"start":{},"end":{}}],"line":60}},"s":{"0":5,"1":11,"2":2,"3":2,"4":1,"5":1,"6":0,"7":0,"8":0,"9":0,"10":0,"11":0,"12":2,"13":2,"14":1,"15":1,"16":0,"17":1},"f":{"0":11,"1":2,"2":2,"3":1,"4":1,"5":0,"6":0,"7":0,"8":0,"9":0,"10":0,"11":2,"12":2,"13":1,"14":1},"b":{"0":[0,1]},"_coverageSchema":"1a1c01bbd47fc00a2c39e90264f33305004495a9","hash":"6115f4ac4d1902773b368d8217c892a612b82f3a"}
,"/Users/I539149/projects/webapps/LimesUI/src/lib/store/index.js": {"path":"/Users/I539149/projects/webapps/LimesUI/src/lib/store/index.js","statementMap":{"0":{"start":{"line":8,"column":2},"end":{"line":14,"column":3}},"1":{"start":{"line":9,"column":28},"end":{"line":13,"column":5}}},"fnMap":{"0":{"name":"(anonymous_0)","decl":{"start":{"line":7,"column":15},"end":{"line":7,"column":16}},"loc":{"start":{"line":8,"column":2},"end":{"line":14,"column":3}},"line":8},"1":{"name":"(anonymous_1)","decl":{"start":{"line":9,"column":13},"end":{"line":9,"column":14}},"loc":{"start":{"line":9,"column":28},"end":{"line":13,"column":5}},"line":9}},"branchMap":{},"s":{"0":11,"1":11},"f":{"0":11,"1":11},"b":{},"_coverageSchema":"1a1c01bbd47fc00a2c39e90264f33305004495a9","hash":"667e725d0f5a1b72a5834c035451010f2f41cd27"}
,"/Users/I539149/projects/webapps/LimesUI/src/lib/store/limesStore.js": {"path":"/Users/I539149/projects/webapps/LimesUI/src/lib/store/limesStore.js","statementMap":{"0":{"start":{"line":1,"column":19},"end":{"line":145,"column":2}},"1":{"start":{"line":1,"column":29},"end":{"line":145,"column":1}},"2":{"start":{"line":10,"column":8},"end":{"line":12,"column":11}},"3":{"start":{"line":10,"column":24},"end":{"line":12,"column":9}},"4":{"start":{"line":14,"column":8},"end":{"line":16,"column":11}},"5":{"start":{"line":14,"column":24},"end":{"line":16,"column":9}},"6":{"start":{"line":18,"column":8},"end":{"line":32,"column":10}},"7":{"start":{"line":19,"column":10},"end":{"line":27,"column":13}},"8":{"start":{"line":20,"column":12},"end":{"line":22,"column":13}},"9":{"start":{"line":21,"column":14},"end":{"line":21,"column":23}},"10":{"start":{"line":23,"column":12},"end":{"line":25,"column":13}},"11":{"start":{"line":24,"column":14},"end":{"line":24,"column":24}},"12":{"start":{"line":26,"column":12},"end":{"line":26,"column":21}},"13":{"start":{"line":28,"column":10},"end":{"line":31,"column":12}},"14":{"start":{"line":34,"column":8},"end":{"line":41,"column":10}},"15":{"start":{"line":35,"column":30},"end":{"line":35,"column":60}},"16":{"start":{"line":36,"column":10},"end":{"line":36,"column":42}},"17":{"start":{"line":37,"column":10},"end":{"line":40,"column":12}},"18":{"start":{"line":61,"column":53},"end":{"line":61,"column":65}},"19":{"start":{"line":64,"column":8},"end":{"line":69,"column":9}},"20":{"start":{"line":65,"column":10},"end":{"line":68,"column":14}},"21":{"start":{"line":65,"column":50},"end":{"line":68,"column":11}},"22":{"start":{"line":74,"column":8},"end":{"line":74,"column":76}},"23":{"start":{"line":74,"column":50},"end":{"line":74,"column":74}},"24":{"start":{"line":77,"column":27},"end":{"line":77,"column":29}},"25":{"start":{"line":78,"column":8},"end":{"line":98,"column":9}},"26":{"start":{"line":83,"column":14},"end":{"line":83,"column":17}},"27":{"start":{"line":85,"column":10},"end":{"line":91,"column":11}},"28":{"start":{"line":86,"column":12},"end":{"line":90,"column":14}},"29":{"start":{"line":93,"column":10},"end":{"line":97,"column":11}},"30":{"start":{"line":94,"column":12},"end":{"line":94,"column":27}},"31":{"start":{"line":95,"column":12},"end":{"line":95,"column":39}},"32":{"start":{"line":96,"column":12},"end":{"line":96,"column":72}},"33":{"start":{"line":106,"column":26},"end":{"line":115,"column":9}},"34":{"start":{"line":107,"column":25},"end":{"line":107,"column":27}},"35":{"start":{"line":108,"column":10},"end":{"line":110,"column":11}},"36":{"start":{"line":109,"column":12},"end":{"line":109,"column":27}},"37":{"start":{"line":111,"column":10},"end":{"line":113,"column":11}},"38":{"start":{"line":112,"column":12},"end":{"line":112,"column":30}},"39":{"start":{"line":114,"column":10},"end":{"line":114,"column":24}},"40":{"start":{"line":118,"column":25},"end":{"line":139,"column":9}},"41":{"start":{"line":121,"column":37},"end":{"line":121,"column":63}},"42":{"start":{"line":125,"column":37},"end":{"line":125,"column":67}},"43":{"start":{"line":128,"column":37},"end":{"line":128,"column":67}},"44":{"start":{"line":131,"column":37},"end":{"line":131,"column":69}},"45":{"start":{"line":134,"column":63},"end":{"line":137,"column":13}},"46":{"start":{"line":141,"column":8},"end":{"line":141,"column":50}},"47":{"start":{"line":153,"column":2},"end":{"line":157,"column":3}},"48":{"start":{"line":154,"column":4},"end":{"line":154,"column":42}},"49":{"start":{"line":155,"column":24},"end":{"line":155,"column":32}},"50":{"start":{"line":156,"column":4},"end":{"line":156,"column":29}},"51":{"start":{"line":158,"column":2},"end":{"line":158,"column":9}},"52":{"start":{"line":164,"column":2},"end":{"line":164,"column":36}},"53":{"start":{"line":164,"column":29},"end":{"line":164,"column":36}},"54":{"start":{"line":165,"column":2},"end":{"line":165,"column":29}},"55":{"start":{"line":165,"column":22},"end":{"line":165,"column":29}},"56":{"start":{"line":166,"column":17},"end":{"line":166,"column":18}},"57":{"start":{"line":167,"column":2},"end":{"line":169,"column":5}},"58":{"start":{"line":168,"column":4},"end":{"line":168,"column":42}},"59":{"start":{"line":170,"column":2},"end":{"line":170,"column":23}},"60":{"start":{"line":173,"column":26},"end":{"line":179,"column":1}},"61":{"start":{"line":174,"column":17},"end":{"line":174,"column":19}},"62":{"start":{"line":175,"column":2},"end":{"line":177,"column":3}},"63":{"start":{"line":176,"column":4},"end":{"line":176,"column":18}},"64":{"start":{"line":178,"column":2},"end":{"line":178,"column":16}}},"fnMap":{"0":{"name":"(anonymous_0)","decl":{"start":{"line":1,"column":19},"end":{"line":1,"column":20}},"loc":{"start":{"line":1,"column":29},"end":{"line":145,"column":1}},"line":1},"1":{"name":"(anonymous_1)","decl":{"start":{"line":9,"column":22},"end":{"line":9,"column":23}},"loc":{"start":{"line":10,"column":8},"end":{"line":12,"column":11}},"line":10},"2":{"name":"(anonymous_2)","decl":{"start":{"line":10,"column":12},"end":{"line":10,"column":13}},"loc":{"start":{"line":10,"column":24},"end":{"line":12,"column":9}},"line":10},"3":{"name":"(anonymous_3)","decl":{"start":{"line":13,"column":28},"end":{"line":13,"column":29}},"loc":{"start":{"line":14,"column":8},"end":{"line":16,"column":11}},"line":14},"4":{"name":"(anonymous_4)","decl":{"start":{"line":14,"column":12},"end":{"line":14,"column":13}},"loc":{"start":{"line":14,"column":24},"end":{"line":16,"column":9}},"line":14},"5":{"name":"(anonymous_5)","decl":{"start":{"line":17,"column":22},"end":{"line":17,"column":23}},"loc":{"start":{"line":18,"column":8},"end":{"line":32,"column":10}},"line":18},"6":{"name":"(anonymous_6)","decl":{"start":{"line":18,"column":12},"end":{"line":18,"column":13}},"loc":{"start":{"line":18,"column":23},"end":{"line":32,"column":9}},"line":18},"7":{"name":"(anonymous_7)","decl":{"start":{"line":19,"column":27},"end":{"line":19,"column":28}},"loc":{"start":{"line":19,"column":37},"end":{"line":27,"column":11}},"line":19},"8":{"name":"(anonymous_8)","decl":{"start":{"line":33,"column":21},"end":{"line":33,"column":22}},"loc":{"start":{"line":34,"column":8},"end":{"line":41,"column":10}},"line":34},"9":{"name":"(anonymous_9)","decl":{"start":{"line":34,"column":12},"end":{"line":34,"column":13}},"loc":{"start":{"line":34,"column":23},"end":{"line":41,"column":9}},"line":34},"10":{"name":"(anonymous_10)","decl":{"start":{"line":47,"column":25},"end":{"line":47,"column":26}},"loc":{"start":{"line":47,"column":58},"end":{"line":142,"column":7}},"line":47},"11":{"name":"(anonymous_11)","decl":{"start":{"line":65,"column":40},"end":{"line":65,"column":41}},"loc":{"start":{"line":65,"column":50},"end":{"line":68,"column":11}},"line":65},"12":{"name":"(anonymous_12)","decl":{"start":{"line":74,"column":41},"end":{"line":74,"column":42}},"loc":{"start":{"line":74,"column":50},"end":{"line":74,"column":74}},"line":74},"13":{"name":"(anonymous_13)","decl":{"start":{"line":106,"column":26},"end":{"line":106,"column":27}},"loc":{"start":{"line":106,"column":39},"end":{"line":115,"column":9}},"line":106},"14":{"name":"(anonymous_14)","decl":{"start":{"line":121,"column":28},"end":{"line":121,"column":29}},"loc":{"start":{"line":121,"column":37},"end":{"line":121,"column":63}},"line":121},"15":{"name":"(anonymous_15)","decl":{"start":{"line":125,"column":28},"end":{"line":125,"column":29}},"loc":{"start":{"line":125,"column":37},"end":{"line":125,"column":67}},"line":125},"16":{"name":"(anonymous_16)","decl":{"start":{"line":128,"column":28},"end":{"line":128,"column":29}},"loc":{"start":{"line":128,"column":37},"end":{"line":128,"column":67}},"line":128},"17":{"name":"(anonymous_17)","decl":{"start":{"line":131,"column":28},"end":{"line":131,"column":29}},"loc":{"start":{"line":131,"column":37},"end":{"line":131,"column":69}},"line":131},"18":{"name":"(anonymous_18)","decl":{"start":{"line":134,"column":43},"end":{"line":134,"column":44}},"loc":{"start":{"line":134,"column":63},"end":{"line":137,"column":13}},"line":134},"19":{"name":"filterAZs","decl":{"start":{"line":151,"column":9},"end":{"line":151,"column":18}},"loc":{"start":{"line":151,"column":24},"end":{"line":159,"column":1}},"line":151},"20":{"name":"getQuotaNewOrOldModel","decl":{"start":{"line":163,"column":9},"end":{"line":163,"column":30}},"loc":{"start":{"line":163,"column":36},"end":{"line":171,"column":1}},"line":163},"21":{"name":"(anonymous_21)","decl":{"start":{"line":167,"column":21},"end":{"line":167,"column":22}},"loc":{"start":{"line":167,"column":29},"end":{"line":169,"column":3}},"line":167},"22":{"name":"(anonymous_22)","decl":{"start":{"line":173,"column":26},"end":{"line":173,"column":27}},"loc":{"start":{"line":173,"column":39},"end":{"line":179,"column":1}},"line":173}},"branchMap":{"0":{"loc":{"start":{"line":20,"column":12},"end":{"line":22,"column":13}},"type":"if","locations":[{"start":{"line":20,"column":12},"end":{"line":22,"column":13}},{"start":{},"end":{}}],"line":20},"1":{"loc":{"start":{"line":23,"column":12},"end":{"line":25,"column":13}},"type":"if","locations":[{"start":{"line":23,"column":12},"end":{"line":25,"column":13}},{"start":{},"end":{}}],"line":23},"2":{"loc":{"start":{"line":47,"column":32},"end":{"line":47,"column":53}},"type":"default-arg","locations":[{"start":{"line":47,"column":49},"end":{"line":47,"column":53}}],"line":47},"3":{"loc":{"start":{"line":64,"column":8},"end":{"line":69,"column":9}},"type":"if","locations":[{"start":{"line":64,"column":8},"end":{"line":69,"column":9}},{"start":{},"end":{}}],"line":64},"4":{"loc":{"start":{"line":86,"column":23},"end":{"line":86,"column":50}},"type":"binary-expr","locations":[{"start":{"line":86,"column":23},"end":{"line":86,"column":35}},{"start":{"line":86,"column":39},"end":{"line":86,"column":50}}],"line":86},"5":{"loc":{"start":{"line":96,"column":23},"end":{"line":96,"column":50}},"type":"binary-expr","locations":[{"start":{"line":96,"column":23},"end":{"line":96,"column":35}},{"start":{"line":96,"column":39},"end":{"line":96,"column":50}}],"line":96},"6":{"loc":{"start":{"line":131,"column":38},"end":{"line":131,"column":58}},"type":"binary-expr","locations":[{"start":{"line":131,"column":38},"end":{"line":131,"column":46}},{"start":{"line":131,"column":50},"end":{"line":131,"column":58}}],"line":131},"7":{"loc":{"start":{"line":153,"column":2},"end":{"line":157,"column":3}},"type":"if","locations":[{"start":{"line":153,"column":2},"end":{"line":157,"column":3}},{"start":{},"end":{}}],"line":153},"8":{"loc":{"start":{"line":164,"column":2},"end":{"line":164,"column":36}},"type":"if","locations":[{"start":{"line":164,"column":2},"end":{"line":164,"column":36}},{"start":{},"end":{}}],"line":164},"9":{"loc":{"start":{"line":165,"column":2},"end":{"line":165,"column":29}},"type":"if","locations":[{"start":{"line":165,"column":2},"end":{"line":165,"column":29}},{"start":{},"end":{}}],"line":165},"10":{"loc":{"start":{"line":168,"column":24},"end":{"line":168,"column":40}},"type":"binary-expr","locations":[{"start":{"line":168,"column":24},"end":{"line":168,"column":35}},{"start":{"line":168,"column":39},"end":{"line":168,"column":40}}],"line":168}},"s":{"0":5,"1":11,"2":2,"3":2,"4":0,"5":0,"6":1,"7":1,"8":1,"9":0,"10":1,"11":1,"12":0,"13":1,"14":0,"15":0,"16":0,"17":0,"18":2,"19":2,"20":0,"21":0,"22":2,"23":2,"24":2,"25":2,"26":2,"27":2,"28":2,"29":2,"30":2,"31":2,"32":2,"33":2,"34":4,"35":4,"36":4,"37":4,"38":4,"39":4,"40":2,"41":2,"42":2,"43":2,"44":2,"45":2,"46":2,"47":2,"48":2,"49":2,"50":2,"51":2,"52":2,"53":0,"54":2,"55":1,"56":1,"57":1,"58":3,"59":1,"60":5,"61":6,"62":6,"63":6,"64":6},"f":{"0":11,"1":2,"2":2,"3":0,"4":0,"5":1,"6":1,"7":1,"8":0,"9":0,"10":2,"11":0,"12":2,"13":4,"14":2,"15":2,"16":2,"17":2,"18":2,"19":2,"20":2,"21":3,"22":6},"b":{"0":[0,1],"1":[1,0],"2":[2],"3":[0,2],"4":[2,2],"5":[2,2],"6":[2,2],"7":[2,0],"8":[0,2],"9":[1,1],"10":[3,0]},"_coverageSchema":"1a1c01bbd47fc00a2c39e90264f33305004495a9","hash":"282c232b78c3f265e2611efd788101072f1ac0fc"}
}
