TN:
SF:src/App.js
FN:24,(anonymous_0)
FN:32,(anonymous_1)
FN:42,getToken
FN:53,(anonymous_3)
FN:63,(anonymous_4)
FN:71,(anonymous_5)
FN:74,(anonymous_6)
FN:80,(anonymous_7)
FN:122,(anonymous_8)
FNF:9
FNH:6
FNDA:3,(anonymous_0)
FNDA:1,(anonymous_1)
FNDA:0,getToken
FNDA:0,(anonymous_3)
FNDA:1,(anonymous_4)
FNDA:0,(anonymous_5)
FNDA:2,(anonymous_6)
FNDA:1,(anonymous_7)
FNDA:1,(anonymous_8)
DA:24,1
DA:25,3
DA:26,3
DA:27,3
DA:28,3
DA:29,3
DA:30,3
DA:32,3
DA:33,1
DA:43,0
DA:44,0
DA:45,0
DA:46,0
DA:48,0
DA:49,0
DA:51,0
DA:53,0
DA:54,0
DA:56,0
DA:57,0
DA:58,0
DA:63,3
DA:65,1
DA:66,1
DA:67,1
DA:68,1
DA:70,0
DA:71,0
DA:74,3
DA:75,2
DA:76,0
DA:80,3
DA:81,1
DA:82,0
DA:99,3
DA:122,1
DA:125,1
DA:126,1
LF:38
LH:22
BRDA:24,0,0,0
BRDA:34,1,0,1
BRDA:34,1,1,1
BRDA:34,1,2,1
BRDA:35,2,0,1
BRDA:35,2,1,1
BRDA:36,3,0,1
BRDA:36,3,1,1
BRDA:37,4,0,1
BRDA:37,4,1,1
BRDA:48,5,0,0
BRDA:48,5,1,0
BRDA:65,6,0,1
BRDA:65,6,1,0
BRDA:75,7,0,0
BRDA:75,7,1,2
BRDA:81,8,0,0
BRDA:81,8,1,1
BRDA:99,9,0,1
BRDA:99,9,1,2
BRDA:110,10,0,2
BRDA:110,10,1,2
BRDA:112,11,0,0
BRDA:112,11,1,2
BRDA:127,12,0,0
BRDA:127,12,1,1
BRF:26
BRH:18
end_of_record
TN:
SF:src/AppContent.js
FN:9,(anonymous_0)
FN:32,(anonymous_1)
FN:38,(anonymous_2)
FN:44,(anonymous_3)
FNF:4
FNH:0
FNDA:0,(anonymous_0)
FNDA:0,(anonymous_1)
FNDA:0,(anonymous_2)
FNDA:0,(anonymous_3)
DA:9,1
DA:10,0
DA:11,0
DA:12,0
DA:13,0
DA:14,0
DA:15,0
DA:16,0
DA:17,0
DA:20,0
DA:28,0
DA:30,0
DA:32,0
DA:33,0
DA:34,0
DA:35,0
DA:38,0
DA:40,0
DA:41,0
DA:44,0
DA:45,0
DA:46,0
DA:49,0
LF:23
LH:1
BRDA:33,0,0,0
BRDA:33,0,1,0
BRDA:40,1,0,0
BRDA:40,1,1,0
BRDA:45,2,0,0
BRDA:45,2,1,0
BRDA:49,3,0,0
BRDA:49,3,1,0
BRDA:53,4,0,0
BRDA:53,4,1,0
BRDA:53,5,0,0
BRDA:53,5,1,0
BRDA:53,5,2,0
BRDA:53,5,3,0
BRDA:67,6,0,0
BRDA:67,6,1,0
BRF:16
BRH:0
end_of_record
TN:
SF:src/AsyncWorker.js
FN:3,(anonymous_0)
FNF:1
FNH:1
FNDA:2,(anonymous_0)
DA:3,1
DA:4,2
DA:5,2
LF:3
LH:3
BRF:0
BRH:0
end_of_record
TN:
SF:src/components/Category.js
FN:20,(anonymous_0)
FN:31,getContainingResourceFor
FN:32,(anonymous_2)
FN:45,(anonymous_3)
FNF:4
FNH:0
FNDA:0,(anonymous_0)
FNDA:0,getContainingResourceFor
FNDA:0,(anonymous_2)
FNDA:0,(anonymous_3)
DA:5,1
DA:12,1
DA:20,1
DA:21,0
DA:22,0
DA:23,0
DA:32,0
DA:33,0
DA:34,0
DA:36,0
DA:39,0
DA:46,0
LF:12
LH:3
BRDA:33,0,0,0
BRDA:33,0,1,0
BRF:2
BRH:0
end_of_record
TN:
SF:src/components/Overview.js
FN:9,(anonymous_0)
FN:16,(anonymous_1)
FN:18,renderArea
FN:24,(anonymous_3)
FN:25,(anonymous_4)
FN:27,(anonymous_5)
FN:28,(anonymous_6)
FN:30,(anonymous_7)
FN:31,(anonymous_8)
FN:47,(anonymous_9)
FN:48,(anonymous_10)
FN:64,(anonymous_11)
FN:66,(anonymous_12)
FN:69,(anonymous_13)
FN:76,(anonymous_14)
FNF:15
FNH:0
FNDA:0,(anonymous_0)
FNDA:0,(anonymous_1)
FNDA:0,renderArea
FNDA:0,(anonymous_3)
FNDA:0,(anonymous_4)
FNDA:0,(anonymous_5)
FNDA:0,(anonymous_6)
FNDA:0,(anonymous_7)
FNDA:0,(anonymous_8)
FNDA:0,(anonymous_9)
FNDA:0,(anonymous_10)
FNDA:0,(anonymous_11)
FNDA:0,(anonymous_12)
FNDA:0,(anonymous_13)
FNDA:0,(anonymous_14)
DA:9,1
DA:10,0
DA:13,0
DA:14,0
DA:15,0
DA:16,0
DA:20,0
DA:21,0
DA:23,0
DA:24,0
DA:25,0
DA:26,0
DA:27,0
DA:28,0
DA:29,0
DA:30,0
DA:31,0
DA:32,0
DA:35,0
DA:39,0
DA:43,0
DA:48,0
DA:49,0
DA:62,0
DA:67,0
DA:69,0
DA:77,0
LF:27
LH:1
BRDA:14,0,0,0
BRDA:39,1,0,0
BRDA:39,1,1,0
BRF:3
BRH:0
end_of_record
TN:
SF:src/components/ResourceBar.js
FN:58,(anonymous_0)
FN:112,buildResourceBar
FNF:2
FNH:0
FNDA:0,(anonymous_0)
FNDA:0,buildResourceBar
DA:4,1
DA:5,1
DA:7,1
DA:13,1
DA:19,1
DA:22,1
DA:28,1
DA:31,1
DA:37,1
DA:47,1
DA:50,1
DA:58,1
DA:59,0
DA:72,0
DA:74,0
DA:114,0
DA:115,0
DA:137,0
DA:139,0
DA:140,0
DA:143,0
DA:147,0
DA:152,0
DA:165,0
DA:172,0
DA:173,0
DA:174,0
DA:175,0
DA:176,0
DA:179,0
DA:226,0
DA:229,0
LF:32
LH:12
BRDA:114,0,0,0
BRDA:114,0,1,0
BRDA:114,1,0,0
BRDA:114,1,1,0
BRDA:119,2,0,0
BRDA:119,2,1,0
BRDA:123,3,0,0
BRDA:123,3,1,0
BRDA:126,4,0,0
BRDA:126,4,1,0
BRDA:139,5,0,0
BRDA:139,5,1,0
BRDA:139,6,0,0
BRDA:139,6,1,0
BRDA:147,7,0,0
BRDA:147,7,1,0
BRDA:147,8,0,0
BRDA:147,8,1,0
BRDA:153,9,0,0
BRDA:153,9,1,0
BRDA:156,10,0,0
BRDA:156,10,1,0
BRDA:166,11,0,0
BRDA:166,11,1,0
BRDA:175,12,0,0
BRDA:175,12,1,0
BRDA:186,13,0,0
BRDA:186,13,1,0
BRDA:191,14,0,0
BRDA:191,14,1,0
BRDA:197,15,0,0
BRDA:197,15,1,0
BRDA:202,16,0,0
BRDA:202,16,1,0
BRDA:211,17,0,0
BRDA:211,17,1,0
BRDA:217,18,0,0
BRDA:217,18,1,0
BRF:38
BRH:0
end_of_record
TN:
SF:src/components/StoreProvider.js
FN:6,(anonymous_0)
FN:12,(anonymous_1)
FN:15,(anonymous_2)
FN:15,(anonymous_3)
FN:16,(anonymous_4)
FN:16,(anonymous_5)
FN:19,(anonymous_6)
FN:19,(anonymous_7)
FN:20,(anonymous_8)
FN:21,(anonymous_9)
FN:24,(anonymous_10)
FN:25,(anonymous_11)
FN:26,(anonymous_12)
FN:27,(anonymous_13)
FNF:14
FNH:14
FNDA:11,(anonymous_0)
FNDA:96,(anonymous_1)
FNDA:12,(anonymous_2)
FNDA:20,(anonymous_3)
FNDA:12,(anonymous_4)
FNDA:20,(anonymous_5)
FNDA:6,(anonymous_6)
FNDA:9,(anonymous_7)
FNDA:6,(anonymous_8)
FNDA:9,(anonymous_9)
FNDA:23,(anonymous_10)
FNDA:39,(anonymous_11)
FNDA:37,(anonymous_12)
FNDA:63,(anonymous_13)
DA:5,5
DA:6,5
DA:7,11
DA:12,96
DA:15,20
DA:16,20
DA:19,9
DA:20,5
DA:21,9
DA:24,5
DA:25,39
DA:26,5
DA:27,63
LF:13
LH:13
BRF:0
BRH:0
end_of_record
TN:
SF:src/components/commitment/CommitmentCalendar.js
FN:12,(anonymous_0)
FN:16,(anonymous_1)
FN:24,(anonymous_2)
FN:36,(anonymous_3)
FNF:4
FNH:0
FNDA:0,(anonymous_0)
FNDA:0,(anonymous_1)
FNDA:0,(anonymous_2)
FNDA:0,(anonymous_3)
DA:5,1
DA:12,1
DA:13,0
DA:14,0
DA:16,0
DA:17,0
DA:18,0
DA:19,0
DA:20,0
DA:21,0
DA:24,0
DA:25,0
DA:26,0
DA:33,0
DA:37,0
DA:39,0
DA:40,0
DA:41,0
DA:42,0
DA:44,0
DA:46,0
LF:21
LH:2
BRDA:18,0,0,0
BRDA:18,0,1,0
BRDA:18,1,0,0
BRDA:18,1,1,0
BRDA:19,2,0,0
BRDA:19,2,1,0
BRDA:19,3,0,0
BRDA:19,3,1,0
BRDA:20,4,0,0
BRDA:20,4,1,0
BRDA:20,5,0,0
BRDA:20,5,1,0
BRDA:39,6,0,0
BRDA:39,6,1,0
BRDA:39,7,0,0
BRDA:39,7,1,0
BRDA:52,8,0,0
BRDA:52,8,1,0
BRF:18
BRH:0
end_of_record
TN:
SF:src/components/commitment/CommitmentModal.js
FN:22,(anonymous_0)
FN:47,confirm
FN:65,onInput
FN:70,handleCalendarClick
FN:82,(anonymous_4)
FN:87,(anonymous_5)
FN:99,(anonymous_6)
FN:131,(anonymous_7)
FN:166,(anonymous_8)
FNF:9
FNH:0
FNDA:0,(anonymous_0)
FNDA:0,confirm
FNDA:0,onInput
FNDA:0,handleCalendarClick
FNDA:0,(anonymous_4)
FNDA:0,(anonymous_5)
FNDA:0,(anonymous_6)
FNDA:0,(anonymous_7)
FNDA:0,(anonymous_8)
DA:20,1
DA:22,1
DA:32,0
DA:35,0
DA:36,0
DA:37,0
DA:38,0
DA:39,0
DA:41,0
DA:44,0
DA:45,0
DA:48,0
DA:49,0
DA:50,0
DA:52,0
DA:56,0
DA:57,0
DA:58,0
DA:59,0
DA:61,0
DA:66,0
DA:67,0
DA:71,0
DA:72,0
DA:76,0
DA:82,0
DA:87,0
DA:93,0
DA:99,0
DA:132,0
DA:166,0
LF:31
LH:2
BRDA:36,0,0,0
BRDA:36,0,1,0
BRDA:41,1,0,0
BRDA:41,1,1,0
BRDA:48,2,0,0
BRDA:48,2,1,0
BRDA:52,3,0,0
BRDA:52,3,1,0
BRDA:58,4,0,0
BRDA:58,4,1,0
BRDA:79,5,0,0
BRDA:79,5,1,0
BRDA:101,6,0,0
BRDA:101,6,1,0
BRDA:110,7,0,0
BRDA:110,7,1,0
BRDA:130,8,0,0
BRDA:130,8,1,0
BRDA:138,9,0,0
BRDA:138,9,1,0
BRDA:145,10,0,0
BRDA:145,10,1,0
BRDA:164,11,0,0
BRDA:164,11,1,0
BRF:24
BRH:0
end_of_record
TN:
SF:src/components/commitment/CommitmentTable.js
FN:11,(anonymous_0)
FN:46,(anonymous_1)
FN:50,(anonymous_2)
FN:63,(anonymous_3)
FN:70,(anonymous_4)
FNF:5
FNH:0
FNDA:0,(anonymous_0)
FNDA:0,(anonymous_1)
FNDA:0,(anonymous_2)
FNDA:0,(anonymous_3)
FNDA:0,(anonymous_4)
DA:11,1
DA:12,0
DA:13,0
DA:14,0
DA:15,0
DA:16,0
DA:19,0
DA:46,0
DA:47,0
DA:50,0
DA:51,0
DA:52,0
DA:53,0
DA:55,0
DA:56,0
DA:57,0
DA:60,0
DA:64,0
DA:71,0
LF:19
LH:1
BRDA:47,0,0,0
BRDA:47,0,1,0
BRDA:52,1,0,0
BRDA:52,1,1,0
BRDA:60,2,0,0
BRDA:60,2,1,0
BRF:6
BRH:0
end_of_record
TN:
SF:src/components/commitment/CommitmentTableDetails.js
FN:18,(anonymous_0)
FN:49,stopEditing
FN:57,handleInput
FN:63,handleSelect
FN:71,handleSave
FN:104,(anonymous_5)
FN:115,(anonymous_6)
FN:117,(anonymous_7)
FN:166,(anonymous_8)
FN:173,(anonymous_9)
FNF:10
FNH:8
FNDA:8,(anonymous_0)
FNDA:1,stopEditing
FNDA:1,handleInput
FNDA:1,handleSelect
FNDA:0,handleSave
FNDA:1,(anonymous_5)
FNDA:1,(anonymous_6)
FNDA:21,(anonymous_7)
FNDA:0,(anonymous_8)
FNDA:1,(anonymous_9)
DA:18,2
DA:29,8
DA:30,7
DA:31,7
DA:32,7
DA:33,7
DA:34,7
DA:36,7
DA:37,7
DA:38,7
DA:39,7
DA:40,7
DA:41,7
DA:42,7
DA:43,7
DA:44,7
DA:45,7
DA:46,7
DA:47,7
DA:50,1
DA:51,1
DA:52,1
DA:53,1
DA:54,1
DA:58,1
DA:59,1
DA:60,1
DA:64,1
DA:65,1
DA:72,0
DA:73,0
DA:74,0
DA:75,0
DA:76,0
DA:79,0
DA:80,0
DA:81,0
DA:85,0
DA:92,0
DA:95,7
DA:104,1
DA:115,1
DA:118,21
DA:166,0
DA:173,1
LF:45
LH:34
BRDA:30,0,0,0
BRDA:30,0,1,7
BRDA:36,1,0,7
BRDA:36,1,1,0
BRDA:73,2,0,0
BRDA:73,2,1,0
BRDA:79,3,0,0
BRDA:79,3,1,0
BRDA:98,4,0,7
BRDA:98,4,1,0
BRDA:111,5,0,7
BRDA:111,5,1,0
BRDA:128,6,0,7
BRDA:128,6,1,6
BRDA:129,7,0,0
BRDA:129,7,1,6
BRDA:137,8,0,7
BRDA:137,8,1,1
BRDA:162,9,0,7
BRDA:162,9,1,0
BRDA:177,10,0,0
BRDA:177,10,1,0
BRF:22
BRH:10
end_of_record
TN:
SF:src/components/commitment/CommitmentTooltip.js
FN:4,(anonymous_0)
FNF:1
FNH:1
FNDA:21,(anonymous_0)
DA:4,2
DA:5,21
DA:7,21
LF:3
LH:3
BRDA:8,0,0,21
BRDA:8,0,1,1
BRF:2
BRH:2
end_of_record
TN:
SF:src/components/project/AvailabilityZoneNav.js
FN:5,(anonymous_0)
FN:6,(anonymous_1)
FN:11,(anonymous_2)
FN:14,(anonymous_3)
FN:19,(anonymous_4)
FN:29,(anonymous_5)
FNF:6
FNH:0
FNDA:0,(anonymous_0)
FNDA:0,(anonymous_1)
FNDA:0,(anonymous_2)
FNDA:0,(anonymous_3)
FNDA:0,(anonymous_4)
FNDA:0,(anonymous_5)
DA:5,1
DA:6,0
DA:7,0
DA:9,0
DA:15,0
DA:20,0
DA:30,0
LF:7
LH:1
BRDA:15,0,0,0
BRDA:15,0,1,0
BRDA:15,0,2,0
BRDA:30,1,0,0
BRDA:30,1,1,0
BRDA:30,1,2,0
BRF:6
BRH:0
end_of_record
TN:
SF:src/components/project/EditPanel.js
FN:17,(anonymous_0)
FN:37,(anonymous_1)
FN:41,(anonymous_2)
FN:46,(anonymous_3)
FN:61,(anonymous_4)
FN:65,(anonymous_5)
FN:75,postCommitment
FN:87,(anonymous_7)
FN:92,(anonymous_8)
FN:103,onPostModalClose
FN:114,dismissToast
FN:132,(anonymous_11)
FNF:12
FNH:0
FNDA:0,(anonymous_0)
FNDA:0,(anonymous_1)
FNDA:0,(anonymous_2)
FNDA:0,(anonymous_3)
FNDA:0,(anonymous_4)
FNDA:0,(anonymous_5)
FNDA:0,postCommitment
FNDA:0,(anonymous_7)
FNDA:0,(anonymous_8)
FNDA:0,onPostModalClose
FNDA:0,dismissToast
FNDA:0,(anonymous_11)
DA:17,1
DA:18,0
DA:19,0
DA:20,0
DA:21,0
DA:22,0
DA:23,0
DA:24,0
DA:25,0
DA:26,0
DA:27,0
DA:28,0
DA:29,0
DA:30,0
DA:31,0
DA:32,0
DA:33,0
DA:34,0
DA:35,0
DA:37,0
DA:38,0
DA:39,0
DA:41,0
DA:46,0
DA:47,0
DA:48,0
DA:49,0
DA:50,0
DA:52,0
DA:53,0
DA:54,0
DA:62,0
DA:63,0
DA:66,0
DA:67,0
DA:69,0
DA:76,0
DA:77,0
DA:80,0
DA:88,0
DA:89,0
DA:90,0
DA:93,0
DA:94,0
DA:98,0
DA:99,0
DA:100,0
DA:104,0
DA:105,0
DA:106,0
DA:115,0
DA:118,0
DA:132,0
LF:53
LH:1
BRDA:38,0,0,0
BRDA:38,0,1,0
BRDA:47,1,0,0
BRDA:47,1,1,0
BRDA:48,2,0,0
BRDA:48,2,1,0
BRDA:75,3,0,0
BRDA:77,4,0,0
BRDA:77,4,1,0
BRDA:127,5,0,0
BRDA:127,5,1,0
BRDA:135,6,0,0
BRDA:135,6,1,0
BRDA:144,7,0,0
BRDA:144,7,1,0
BRDA:144,7,2,0
BRF:16
BRH:0
end_of_record
TN:
SF:src/components/project/PanelManager.js
FN:13,(anonymous_0)
FN:23,(anonymous_1)
FN:30,(anonymous_2)
FN:36,onPanelClose
FN:50,(anonymous_4)
FNF:5
FNH:0
FNDA:0,(anonymous_0)
FNDA:0,(anonymous_1)
FNDA:0,(anonymous_2)
FNDA:0,onPanelClose
FNDA:0,(anonymous_4)
DA:13,1
DA:14,0
DA:15,0
DA:16,0
DA:17,0
DA:18,0
DA:19,0
DA:20,0
DA:21,0
DA:22,0
DA:24,0
DA:25,0
DA:30,0
DA:31,0
DA:32,0
DA:37,0
DA:38,0
DA:39,0
DA:40,0
DA:41,0
DA:45,0
DA:50,0
LF:22
LH:1
BRDA:24,0,0,0
BRDA:24,0,1,0
BRDA:31,1,0,0
BRDA:31,1,1,0
BRDA:46,2,0,0
BRDA:46,2,1,0
BRF:6
BRH:0
end_of_record
TN:
SF:src/components/project/ProjectResource.js
FN:63,(anonymous_0)
FN:84,azCommitmentSum
FN:87,(anonymous_2)
FN:94,(anonymous_3)
FN:96,(anonymous_4)
FN:98,(anonymous_5)
FN:132,(anonymous_6)
FN:157,(anonymous_7)
FN:168,(anonymous_8)
FNF:9
FNH:0
FNDA:0,(anonymous_0)
FNDA:0,azCommitmentSum
FNDA:0,(anonymous_2)
FNDA:0,(anonymous_3)
FNDA:0,(anonymous_4)
FNDA:0,(anonymous_5)
FNDA:0,(anonymous_6)
FNDA:0,(anonymous_7)
FNDA:0,(anonymous_8)
DA:12,1
DA:23,1
DA:28,1
DA:33,1
DA:40,1
DA:43,1
DA:49,1
DA:56,1
DA:63,1
DA:71,0
DA:73,0
DA:74,0
DA:77,0
DA:78,0
DA:79,0
DA:80,0
DA:81,0
DA:82,0
DA:85,0
DA:86,0
DA:87,0
DA:88,0
DA:90,0
DA:94,0
DA:95,0
DA:96,0
DA:97,0
DA:98,0
DA:99,0
DA:102,0
DA:105,0
DA:132,0
DA:158,0
DA:169,0
LF:34
LH:9
BRDA:73,0,0,0
BRDA:73,0,1,0
BRDA:73,1,0,0
BRDA:73,1,1,0
BRDA:74,2,0,0
BRDA:74,2,1,0
BRDA:79,3,0,0
BRDA:79,3,1,0
BRDA:79,3,2,0
BRDA:79,3,3,0
BRDA:86,4,0,0
BRDA:86,4,1,0
BRDA:97,5,0,0
BRDA:97,5,1,0
BRDA:108,6,0,0
BRDA:108,6,1,0
BRDA:113,7,0,0
BRDA:113,7,1,0
BRDA:120,8,0,0
BRDA:120,8,1,0
BRDA:130,9,0,0
BRDA:130,9,1,0
BRDA:153,10,0,0
BRDA:153,10,1,0
BRDA:158,11,0,0
BRDA:158,11,1,0
BRDA:162,12,0,0
BRDA:162,12,1,0
BRDA:164,13,0,0
BRDA:164,13,1,0
BRF:30
BRH:0
end_of_record
TN:
SF:src/components/project/ResourceBarBuilder.js
FN:5,(anonymous_0)
FNF:1
FNH:0
FNDA:0,(anonymous_0)
DA:5,1
DA:16,0
DA:17,0
DA:20,0
DA:21,0
DA:25,0
DA:28,0
DA:29,0
DA:32,0
LF:9
LH:1
BRDA:17,0,0,0
BRDA:17,0,1,0
BRDA:20,1,0,0
BRDA:20,1,1,0
BRDA:21,2,0,0
BRDA:21,2,1,0
BRDA:25,3,0,0
BRDA:25,3,1,0
BRDA:25,4,0,0
BRDA:25,4,1,0
BRDA:28,5,0,0
BRDA:28,5,1,0
BRDA:42,6,0,0
BRDA:42,6,1,0
BRF:14
BRH:0
end_of_record
TN:
SF:src/hooks/useResetCommitment.js
FN:4,(anonymous_0)
FN:10,resetCommitment
FNF:2
FNH:0
FNDA:0,(anonymous_0)
FNDA:0,resetCommitment
DA:4,1
DA:5,0
DA:6,0
DA:7,0
DA:8,0
DA:11,0
DA:12,0
DA:13,0
DA:14,0
DA:17,0
LF:10
LH:1
BRF:0
BRH:0
end_of_record
TN:
SF:src/lib/apiClient.js
FN:9,(anonymous_0)
FN:15,responseHandler
FN:24,(anonymous_2)
FN:27,(anonymous_3)
FN:43,(anonymous_4)
FN:59,(anonymous_5)
FN:74,(anonymous_6)
FNF:7
FNH:2
FNDA:2,(anonymous_0)
FNDA:0,responseHandler
FNDA:2,(anonymous_2)
FNDA:0,(anonymous_3)
FNDA:0,(anonymous_4)
FNDA:0,(anonymous_5)
FNDA:0,(anonymous_6)
DA:9,1
DA:10,2
DA:11,2
DA:12,2
DA:13,2
DA:16,0
DA:17,0
DA:21,0
DA:24,2
DA:25,2
DA:26,0
DA:28,0
DA:29,0
DA:38,0
DA:42,0
DA:44,0
DA:45,0
DA:54,0
DA:58,0
DA:60,0
DA:61,0
DA:69,0
DA:73,0
DA:75,0
DA:76,0
DA:84,0
DA:87,0
LF:27
LH:7
BRDA:16,0,0,0
BRDA:16,0,1,0
BRDA:25,1,0,2
BRDA:25,1,1,0
BRDA:25,2,0,2
BRDA:25,2,1,2
BRDA:25,2,2,0
BRF:7
BRH:3
end_of_record
TN:
SF:src/lib/constants.js
FNF:0
FNH:0
DA:1,5
DA:4,5
DA:14,5
LF:3
LH:3
BRF:0
BRH:0
end_of_record
TN:
SF:src/lib/polyfill.js
FN:2,(anonymous_0)
FN:11,(anonymous_1)
FNF:2
FNH:2
FNDA:3,(anonymous_0)
FNDA:3,(anonymous_1)
DA:2,3
DA:3,3
DA:4,3
DA:5,24
DA:7,3
DA:11,3
DA:12,3
DA:13,3
DA:14,6
DA:16,3
LF:10
LH:10
BRF:0
BRH:0
end_of_record
TN:
SF:src/lib/unit.js
FN:21,(anonymous_0)
FN:22,(anonymous_1)
FN:38,(anonymous_2)
FN:49,(anonymous_3)
FN:66,(anonymous_4)
FN:104,(anonymous_5)
FN:129,(anonymous_6)
FN:171,(anonymous_7)
FNF:8
FNH:7
FNDA:6,(anonymous_0)
FNDA:24,(anonymous_1)
FNDA:803,(anonymous_2)
FNDA:15,(anonymous_3)
FNDA:22,(anonymous_4)
FNDA:810,(anonymous_5)
FNDA:2472,(anonymous_6)
FNDA:0,(anonymous_7)
DA:4,3
DA:9,3
DA:20,3
DA:22,24
DA:29,3
DA:38,3
DA:40,803
DA:41,3613
DA:42,385
DA:45,418
DA:50,15
DA:51,15
DA:52,15
DA:53,15
DA:68,22
DA:69,22
DA:73,17
DA:74,17
DA:76,22
DA:79,22
DA:81,22
DA:82,11
DA:85,11
DA:86,11
DA:106,810
DA:107,810
DA:108,2
DA:112,808
DA:113,4
DA:116,804
DA:117,1
DA:121,803
DA:124,803
DA:127,803
DA:128,803
DA:129,2472
DA:131,803
DA:133,4
DA:137,799
DA:138,799
DA:140,0
DA:145,799
DA:146,799
DA:147,799
DA:148,576
DA:149,1224
DA:150,1224
DA:152,576
DA:154,799
DA:155,2
DA:160,797
DA:161,146
DA:162,144
DA:163,144
DA:166,795
DA:171,3
DA:172,0
DA:173,0
LF:58
LH:55
BRDA:41,0,0,385
BRDA:41,0,1,3228
BRDA:50,1,0,15
BRDA:50,1,1,9
BRDA:51,2,0,15
BRDA:51,2,1,0
BRDA:52,3,0,15
BRDA:52,3,1,0
BRDA:66,4,0,15
BRDA:70,5,0,39
BRDA:70,5,1,21
BRDA:81,6,0,11
BRDA:81,6,1,11
BRDA:85,7,0,0
BRDA:85,7,1,11
BRDA:107,8,0,2
BRDA:107,8,1,808
BRDA:112,9,0,4
BRDA:112,9,1,804
BRDA:112,10,0,808
BRDA:112,10,1,800
BRDA:116,11,0,1
BRDA:116,11,1,803
BRDA:124,12,0,195
BRDA:124,12,1,608
BRDA:131,13,0,4
BRDA:131,13,1,799
BRDA:138,14,0,0
BRDA:138,14,1,799
BRDA:147,15,0,576
BRDA:147,15,1,223
BRDA:154,16,0,2
BRDA:154,16,1,797
BRDA:161,17,0,2
BRDA:161,17,1,144
BRDA:172,18,0,0
BRDA:172,18,1,0
BRF:37
BRH:31
end_of_record
TN:
SF:src/lib/utils.js
FN:8,(anonymous_0)
FN:21,formatTimeISO8160
FN:26,formatTime
FN:34,(anonymous_3)
FN:43,(anonymous_4)
FN:46,(anonymous_5)
FN:51,(anonymous_6)
FN:66,(anonymous_7)
FN:73,(anonymous_8)
FNF:9
FNH:2
FNDA:0,(anonymous_0)
FNDA:21,formatTimeISO8160
FNDA:43,formatTime
FNDA:0,(anonymous_3)
FNDA:0,(anonymous_4)
FNDA:0,(anonymous_5)
FNDA:0,(anonymous_6)
FNDA:0,(anonymous_7)
FNDA:0,(anonymous_8)
DA:4,2
DA:8,2
DA:9,0
DA:10,0
DA:11,0
DA:16,0
DA:17,0
DA:22,21
DA:27,43
DA:28,41
DA:29,2
DA:34,2
DA:35,0
DA:36,0
DA:37,0
DA:43,2
DA:44,0
DA:46,0
DA:47,0
DA:48,0
DA:49,0
DA:51,0
DA:52,0
DA:53,0
DA:54,0
DA:55,0
DA:57,0
DA:58,0
DA:60,0
DA:61,0
DA:62,0
DA:63,0
DA:66,0
DA:67,0
DA:68,0
DA:69,0
DA:73,2
DA:74,0
LF:38
LH:9
BRDA:10,0,0,0
BRDA:10,0,1,0
BRDA:17,1,0,0
BRDA:17,1,1,0
BRDA:27,2,0,41
BRDA:27,2,1,2
BRDA:27,3,0,43
BRDA:27,3,1,2
BRDA:37,4,0,0
BRDA:37,4,1,0
BRDA:37,5,0,0
BRDA:37,5,1,0
BRDA:48,6,0,0
BRDA:48,6,1,0
BRDA:53,7,0,0
BRDA:53,7,1,0
BRDA:57,8,0,0
BRDA:57,8,1,0
BRDA:69,9,0,0
BRDA:69,9,1,0
BRDA:69,10,0,0
BRDA:69,10,1,0
BRDA:75,11,0,0
BRDA:75,11,1,0
BRDA:75,11,2,0
BRF:25
BRH:4
end_of_record
TN:
SF:src/lib/store/apiStore.js
FN:1,(anonymous_0)
FN:11,(anonymous_1)
FN:12,(anonymous_2)
FN:13,(anonymous_3)
FN:14,(anonymous_4)
FN:20,(anonymous_5)
FN:21,(anonymous_6)
FNF:7
FNH:7
FNDA:11,(anonymous_0)
FNDA:1,(anonymous_1)
FNDA:1,(anonymous_2)
FNDA:2,(anonymous_3)
FNDA:2,(anonymous_4)
FNDA:1,(anonymous_5)
FNDA:1,(anonymous_6)
DA:1,11
DA:12,1
DA:14,2
DA:21,1
LF:4
LH:4
BRF:0
BRH:0
end_of_record
TN:
SF:src/lib/store/createCommitmentStore.js
FN:3,(anonymous_0)
FN:19,(anonymous_1)
FN:20,(anonymous_2)
FN:26,(anonymous_3)
FN:27,(anonymous_4)
FN:33,(anonymous_5)
FN:34,(anonymous_6)
FN:37,(anonymous_7)
FN:38,(anonymous_8)
FN:44,(anonymous_9)
FN:45,(anonymous_10)
FN:51,(anonymous_11)
FN:52,(anonymous_12)
FN:58,(anonymous_13)
FN:59,(anonymous_14)
FNF:15
FNH:9
FNDA:11,(anonymous_0)
FNDA:2,(anonymous_1)
FNDA:2,(anonymous_2)
FNDA:1,(anonymous_3)
FNDA:1,(anonymous_4)
FNDA:0,(anonymous_5)
FNDA:0,(anonymous_6)
FNDA:0,(anonymous_7)
FNDA:0,(anonymous_8)
FNDA:0,(anonymous_9)
FNDA:0,(anonymous_10)
FNDA:2,(anonymous_11)
FNDA:2,(anonymous_12)
FNDA:1,(anonymous_13)
FNDA:1,(anonymous_14)
DA:3,11
DA:20,2
DA:27,1
DA:34,0
DA:38,0
DA:45,0
DA:52,2
DA:59,1
DA:60,1
DA:61,1
LF:10
LH:7
BRDA:60,0,0,0
BRDA:60,0,1,1
BRF:2
BRH:1
end_of_record
TN:
SF:src/lib/store/index.js
FN:7,(anonymous_0)
FN:9,(anonymous_1)
FNF:2
FNH:2
FNDA:11,(anonymous_0)
FNDA:11,(anonymous_1)
DA:8,11
DA:9,11
LF:2
LH:2
BRF:0
BRH:0
end_of_record
TN:
SF:src/lib/store/limesStore.js
FN:1,(anonymous_0)
FN:9,(anonymous_1)
FN:10,(anonymous_2)
FN:13,(anonymous_3)
FN:14,(anonymous_4)
FN:17,(anonymous_5)
FN:18,(anonymous_6)
FN:19,(anonymous_7)
FN:33,(anonymous_8)
FN:34,(anonymous_9)
FN:47,(anonymous_10)
FN:65,(anonymous_11)
FN:74,(anonymous_12)
FN:106,(anonymous_13)
FN:121,(anonymous_14)
FN:125,(anonymous_15)
FN:128,(anonymous_16)
FN:131,(anonymous_17)
FN:134,(anonymous_18)
FN:151,filterAZs
FN:163,getQuotaNewOrOldModel
FN:167,(anonymous_21)
FN:173,(anonymous_22)
FNF:23
FNH:18
FNDA:11,(anonymous_0)
FNDA:2,(anonymous_1)
FNDA:2,(anonymous_2)
FNDA:0,(anonymous_3)
FNDA:0,(anonymous_4)
FNDA:1,(anonymous_5)
FNDA:1,(anonymous_6)
FNDA:1,(anonymous_7)
FNDA:0,(anonymous_8)
FNDA:0,(anonymous_9)
FNDA:2,(anonymous_10)
FNDA:0,(anonymous_11)
FNDA:2,(anonymous_12)
FNDA:4,(anonymous_13)
FNDA:2,(anonymous_14)
FNDA:2,(anonymous_15)
FNDA:2,(anonymous_16)
FNDA:2,(anonymous_17)
FNDA:2,(anonymous_18)
FNDA:2,filterAZs
FNDA:2,getQuotaNewOrOldModel
FNDA:3,(anonymous_21)
FNDA:6,(anonymous_22)
DA:1,11
DA:10,2
DA:14,0
DA:18,1
DA:19,1
DA:20,1
DA:21,0
DA:23,1
DA:24,1
DA:26,0
DA:28,1
DA:34,0
DA:35,0
DA:36,0
DA:37,0
DA:61,2
DA:64,2
DA:65,0
DA:74,2
DA:77,2
DA:78,2
DA:83,2
DA:85,2
DA:86,2
DA:93,2
DA:94,2
DA:95,2
DA:96,2
DA:106,2
DA:107,4
DA:108,4
DA:109,4
DA:111,4
DA:112,4
DA:114,4
DA:118,2
DA:121,2
DA:125,2
DA:128,2
DA:131,2
DA:134,2
DA:141,2
DA:153,2
DA:154,2
DA:155,2
DA:156,2
DA:158,2
DA:164,2
DA:165,2
DA:166,1
DA:167,1
DA:168,3
DA:170,1
DA:173,5
DA:174,6
DA:175,6
DA:176,6
DA:178,6
LF:58
LH:50
BRDA:20,0,0,0
BRDA:20,0,1,1
BRDA:23,1,0,1
BRDA:23,1,1,0
BRDA:47,2,0,2
BRDA:64,3,0,0
BRDA:64,3,1,2
BRDA:86,4,0,2
BRDA:86,4,1,2
BRDA:96,5,0,2
BRDA:96,5,1,2
BRDA:131,6,0,2
BRDA:131,6,1,2
BRDA:153,7,0,2
BRDA:153,7,1,0
BRDA:164,8,0,0
BRDA:164,8,1,2
BRDA:165,9,0,1
BRDA:165,9,1,1
BRDA:168,10,0,3
BRDA:168,10,1,0
BRF:21
BRH:15
end_of_record
